{"/home/travis/build/npmtest/node-npmtest-tesseract.js/test.js":{"path":"/home/travis/build/npmtest/node-npmtest-tesseract.js/test.js","s":{"1":2,"2":2,"3":2,"4":2,"5":2,"6":2,"7":2,"8":1,"9":2,"10":2,"11":1,"12":1,"13":1,"14":1,"15":2,"16":2,"17":2,"18":2,"19":1,"20":1,"21":2,"22":2,"23":2,"24":1,"25":1,"26":1,"27":1,"28":1,"29":1,"30":1,"31":1,"32":1,"33":1,"34":1,"35":1,"36":1,"37":1,"38":1,"39":2,"40":2,"41":1,"42":2,"43":2,"44":1,"45":2,"46":2,"47":1,"48":2,"49":2,"50":1,"51":1,"52":1,"53":1,"54":1},"b":{"1":[2,1,1,1],"2":[1,1,1,1],"3":[1,1],"4":[1,1],"5":[1,1],"6":[1,1],"7":[1,1],"8":[1,1],"9":[1,1],"10":[1,1,1],"11":[1,1],"12":[1,1],"13":[1,1],"14":[1,1],"15":[1,1],"16":[1,1],"17":[1,1]},"f":{"1":2,"2":2,"3":2,"4":2,"5":2,"6":1,"7":1,"8":1,"9":2,"10":2,"11":2,"12":2,"13":1},"fnMap":{"1":{"name":"(anonymous_1)","line":12,"loc":{"start":{"line":12,"column":1},"end":{"line":12,"column":13}}},"2":{"name":"(anonymous_2)","line":19,"loc":{"start":{"line":19,"column":5},"end":{"line":19,"column":17}}},"3":{"name":"(anonymous_3)","line":23,"loc":{"start":{"line":23,"column":24},"end":{"line":23,"column":36}}},"4":{"name":"(anonymous_4)","line":61,"loc":{"start":{"line":61,"column":5},"end":{"line":61,"column":17}}},"5":{"name":"(anonymous_5)","line":82,"loc":{"start":{"line":82,"column":5},"end":{"line":82,"column":17}}},"6":{"name":"(anonymous_6)","line":91,"loc":{"start":{"line":91,"column":77},"end":{"line":94,"column":10}}},"7":{"name":"(anonymous_7)","line":112,"loc":{"start":{"line":112,"column":83},"end":{"line":115,"column":10}},"skip":true},"8":{"name":"(anonymous_8)","line":123,"loc":{"start":{"line":123,"column":77},"end":{"line":126,"column":10}},"skip":true},"9":{"name":"(anonymous_9)","line":139,"loc":{"start":{"line":139,"column":12},"end":{"line":139,"column":40}},"skip":true},"10":{"name":"(anonymous_10)","line":147,"loc":{"start":{"line":147,"column":77},"end":{"line":150,"column":10}},"skip":true},"11":{"name":"(anonymous_11)","line":158,"loc":{"start":{"line":158,"column":83},"end":{"line":161,"column":10}},"skip":true},"12":{"name":"(anonymous_12)","line":169,"loc":{"start":{"line":169,"column":79},"end":{"line":172,"column":10}},"skip":true},"13":{"name":"(anonymous_13)","line":180,"loc":{"start":{"line":180,"column":75},"end":{"line":183,"column":10}},"skip":true}},"statementMap":{"1":{"start":{"line":12,"column":0},"end":{"line":195,"column":5}},"2":{"start":{"line":14,"column":4},"end":{"line":14,"column":14}},"3":{"start":{"line":19,"column":4},"end":{"line":56,"column":9}},"4":{"start":{"line":21,"column":8},"end":{"line":21,"column":19}},"5":{"start":{"line":23,"column":8},"end":{"line":35,"column":13}},"6":{"start":{"line":24,"column":12},"end":{"line":34,"column":13}},"7":{"start":{"line":25,"column":16},"end":{"line":28,"column":30}},"8":{"start":{"line":30,"column":16},"end":{"line":33,"column":27}},"9":{"start":{"line":37,"column":8},"end":{"line":39,"column":21}},"10":{"start":{"line":40,"column":8},"end":{"line":53,"column":9}},"11":{"start":{"line":43,"column":12},"end":{"line":46,"column":14}},"12":{"start":{"line":47,"column":12},"end":{"line":47,"column":18}},"13":{"start":{"line":50,"column":12},"end":{"line":51,"column":33}},"14":{"start":{"line":52,"column":12},"end":{"line":52,"column":18}},"15":{"start":{"line":55,"column":8},"end":{"line":55,"column":35}},"16":{"start":{"line":61,"column":4},"end":{"line":63,"column":9}},"17":{"start":{"line":62,"column":8},"end":{"line":62,"column":15}},"18":{"start":{"line":64,"column":4},"end":{"line":77,"column":5}},"19":{"start":{"line":70,"column":8},"end":{"line":70,"column":14}},"20":{"start":{"line":76,"column":8},"end":{"line":76,"column":14}},"21":{"start":{"line":82,"column":4},"end":{"line":84,"column":9}},"22":{"start":{"line":83,"column":8},"end":{"line":83,"column":15}},"23":{"start":{"line":85,"column":4},"end":{"line":194,"column":5}},"24":{"start":{"line":91,"column":8},"end":{"line":99,"column":10}},"25":{"start":{"line":98,"column":12},"end":{"line":98,"column":35}},"26":{"start":{"line":102,"column":8},"end":{"line":104,"column":63}},"27":{"start":{"line":105,"column":8},"end":{"line":105,"column":14}},"28":{"start":{"line":112,"column":8},"end":{"line":121,"column":10},"skip":true},"29":{"start":{"line":119,"column":12},"end":{"line":119,"column":55},"skip":true},"30":{"start":{"line":120,"column":12},"end":{"line":120,"column":48},"skip":true},"31":{"start":{"line":123,"column":8},"end":{"line":136,"column":10},"skip":true},"32":{"start":{"line":130,"column":12},"end":{"line":130,"column":76},"skip":true},"33":{"start":{"line":131,"column":12},"end":{"line":131,"column":73},"skip":true},"34":{"start":{"line":132,"column":12},"end":{"line":132,"column":74},"skip":true},"35":{"start":{"line":133,"column":12},"end":{"line":133,"column":79},"skip":true},"36":{"start":{"line":134,"column":12},"end":{"line":134,"column":25},"skip":true},"37":{"start":{"line":135,"column":12},"end":{"line":135,"column":45},"skip":true},"38":{"start":{"line":138,"column":8},"end":{"line":145,"column":14},"skip":true},"39":{"start":{"line":143,"column":16},"end":{"line":143,"column":29},"skip":true},"40":{"start":{"line":144,"column":16},"end":{"line":144,"column":55},"skip":true},"41":{"start":{"line":147,"column":8},"end":{"line":156,"column":10},"skip":true},"42":{"start":{"line":154,"column":12},"end":{"line":154,"column":25},"skip":true},"43":{"start":{"line":155,"column":12},"end":{"line":155,"column":45},"skip":true},"44":{"start":{"line":158,"column":8},"end":{"line":167,"column":10},"skip":true},"45":{"start":{"line":165,"column":12},"end":{"line":165,"column":25},"skip":true},"46":{"start":{"line":166,"column":12},"end":{"line":166,"column":48},"skip":true},"47":{"start":{"line":169,"column":8},"end":{"line":178,"column":10},"skip":true},"48":{"start":{"line":176,"column":12},"end":{"line":176,"column":25},"skip":true},"49":{"start":{"line":177,"column":12},"end":{"line":177,"column":46},"skip":true},"50":{"start":{"line":180,"column":8},"end":{"line":189,"column":10},"skip":true},"51":{"start":{"line":187,"column":12},"end":{"line":187,"column":94},"skip":true},"52":{"start":{"line":188,"column":12},"end":{"line":188,"column":48},"skip":true},"53":{"start":{"line":192,"column":8},"end":{"line":192,"column":35},"skip":true},"54":{"start":{"line":193,"column":8},"end":{"line":193,"column":14},"skip":true}},"branchMap":{"1":{"line":25,"type":"binary-expr","locations":[{"start":{"line":25,"column":23},"end":{"line":25,"column":62}},{"start":{"line":26,"column":20},"end":{"line":26,"column":70}},{"start":{"line":27,"column":20},"end":{"line":27,"column":71}},{"start":{"line":28,"column":20},"end":{"line":28,"column":29}}]},"2":{"line":30,"type":"binary-expr","locations":[{"start":{"line":30,"column":23},"end":{"line":30,"column":37}},{"start":{"line":31,"column":20},"end":{"line":31,"column":61}},{"start":{"line":32,"column":20},"end":{"line":32,"column":70}},{"start":{"line":33,"column":20},"end":{"line":33,"column":26}}]},"3":{"line":37,"type":"cond-expr","locations":[{"start":{"line":38,"column":14},"end":{"line":38,"column":20}},{"start":{"line":39,"column":14},"end":{"line":39,"column":20}}]},"4":{"line":40,"type":"switch","locations":[{"start":{"line":42,"column":8},"end":{"line":47,"column":18}},{"start":{"line":49,"column":8},"end":{"line":52,"column":18}}]},"5":{"line":44,"type":"binary-expr","locations":[{"start":{"line":44,"column":16},"end":{"line":44,"column":44}},{"start":{"line":44,"column":48},"end":{"line":44,"column":66}}]},"6":{"line":50,"type":"binary-expr","locations":[{"start":{"line":50,"column":21},"end":{"line":50,"column":49}},{"start":{"line":50,"column":53},"end":{"line":50,"column":72}}]},"7":{"line":64,"type":"switch","locations":[{"start":{"line":69,"column":4},"end":{"line":70,"column":14}},{"start":{"line":75,"column":4},"end":{"line":76,"column":14}}]},"8":{"line":85,"type":"switch","locations":[{"start":{"line":90,"column":4},"end":{"line":105,"column":14}},{"start":{"line":111,"column":4},"end":{"line":193,"column":14},"skip":true}]},"9":{"line":91,"type":"binary-expr","locations":[{"start":{"line":91,"column":42},"end":{"line":91,"column":73}},{"start":{"line":91,"column":77},"end":{"line":99,"column":9}}]},"10":{"line":102,"type":"binary-expr","locations":[{"start":{"line":102,"column":18},"end":{"line":102,"column":32}},{"start":{"line":103,"column":12},"end":{"line":103,"column":53}},{"start":{"line":104,"column":12},"end":{"line":104,"column":61}}]},"11":{"line":112,"type":"binary-expr","locations":[{"start":{"line":112,"column":45},"end":{"line":112,"column":79},"skip":true},{"start":{"line":112,"column":83},"end":{"line":121,"column":9},"skip":true}]},"12":{"line":123,"type":"binary-expr","locations":[{"start":{"line":123,"column":42},"end":{"line":123,"column":73},"skip":true},{"start":{"line":123,"column":77},"end":{"line":136,"column":9},"skip":true}]},"13":{"line":138,"type":"binary-expr","locations":[{"start":{"line":138,"column":48},"end":{"line":138,"column":85},"skip":true},{"start":{"line":139,"column":12},"end":{"line":145,"column":13},"skip":true}]},"14":{"line":147,"type":"binary-expr","locations":[{"start":{"line":147,"column":42},"end":{"line":147,"column":73},"skip":true},{"start":{"line":147,"column":77},"end":{"line":156,"column":9},"skip":true}]},"15":{"line":158,"type":"binary-expr","locations":[{"start":{"line":158,"column":45},"end":{"line":158,"column":79},"skip":true},{"start":{"line":158,"column":83},"end":{"line":167,"column":9},"skip":true}]},"16":{"line":169,"type":"binary-expr","locations":[{"start":{"line":169,"column":43},"end":{"line":169,"column":75},"skip":true},{"start":{"line":169,"column":79},"end":{"line":178,"column":9},"skip":true}]},"17":{"line":180,"type":"binary-expr","locations":[{"start":{"line":180,"column":41},"end":{"line":180,"column":71},"skip":true},{"start":{"line":180,"column":75},"end":{"line":189,"column":9},"skip":true}]}},"code":["/* istanbul instrument in package npmtest_tesseract_js */","/*jslint","    bitwise: true,","    browser: true,","    maxerr: 8,","    maxlen: 96,","    node: true,","    nomen: true,","    regexp: true,","    stupid: true","*/","(function () {","    'use strict';","    var local;","","","","    // run shared js-env code - init-before","    (function () {","        // init local","        local = {};","        // init modeJs","        local.modeJs = (function () {","            try {","                return typeof navigator.userAgent === 'string' &&","                    typeof document.querySelector('body') === 'object' &&","                    typeof XMLHttpRequest.prototype.open === 'function' &&","                    'browser';","            } catch (errorCaughtBrowser) {","                return module.exports &&","                    typeof process.versions.node === 'string' &&","                    typeof require('http').createServer === 'function' &&","                    'node';","            }","        }());","        // init global","        local.global = local.modeJs === 'browser'","            ? window","            : global;","        switch (local.modeJs) {","        // re-init local from window.local","        case 'browser':","            local = local.global.utility2.objectSetDefault(","                local.global.utility2_rollup || local.global.local,","                local.global.utility2","            );","            break;","        // re-init local from example.js","        case 'node':","            local = (local.global.utility2_rollup || require('utility2'))","                .requireReadme();","            break;","        }","        // export local","        local.global.local = local;","    }());","","","","    // run shared js-env code - function","    (function () {","        return;","    }());","    switch (local.modeJs) {","","","","    // run browser js-env code - function","    case 'browser':","        break;","","","","    // run node js-env code - function","    case 'node':","        break;","    }","","","","    // run shared js-env code - init-after","    (function () {","        return;","    }());","    switch (local.modeJs) {","","","","    // run browser js-env code - init-after","    case 'browser':","        local.testCase_browser_nullCase = local.testCase_browser_nullCase || function (","            options,","            onError","        ) {","        /*","         * this function will test browsers's null-case handling-behavior-behavior","         */","            onError(null, options);","        };","","        // run tests","        local.nop(local.modeTest &&","            document.querySelector('#testRunButton1') &&","            document.querySelector('#testRunButton1').click());","        break;","","","","    // run node js-env code - init-after","    /* istanbul ignore next */","    case 'node':","        local.testCase_buildApidoc_default = local.testCase_buildApidoc_default || function (","            options,","            onError","        ) {","        /*","         * this function will test buildApidoc's default handling-behavior-behavior","         */","            options = { modulePathList: module.paths };","            local.buildApidoc(options, onError);","        };","","        local.testCase_buildApp_default = local.testCase_buildApp_default || function (","            options,","            onError","        ) {","        /*","         * this function will test buildApp's default handling-behavior-behavior","         */","            local.testCase_buildReadme_default(options, local.onErrorThrow);","            local.testCase_buildLib_default(options, local.onErrorThrow);","            local.testCase_buildTest_default(options, local.onErrorThrow);","            local.testCase_buildCustomOrg_default(options, local.onErrorThrow);","            options = [];","            local.buildApp(options, onError);","        };","","        local.testCase_buildCustomOrg_default = local.testCase_buildCustomOrg_default ||","            function (options, onError) {","            /*","             * this function will test buildCustomOrg's default handling-behavior","             */","                options = {};","                local.buildCustomOrg(options, onError);","            };","","        local.testCase_buildLib_default = local.testCase_buildLib_default || function (","            options,","            onError","        ) {","        /*","         * this function will test buildLib's default handling-behavior","         */","            options = {};","            local.buildLib(options, onError);","        };","","        local.testCase_buildReadme_default = local.testCase_buildReadme_default || function (","            options,","            onError","        ) {","        /*","         * this function will test buildReadme's default handling-behavior-behavior","         */","            options = {};","            local.buildReadme(options, onError);","        };","","        local.testCase_buildTest_default = local.testCase_buildTest_default || function (","            options,","            onError","        ) {","        /*","         * this function will test buildTest's default handling-behavior","         */","            options = {};","            local.buildTest(options, onError);","        };","","        local.testCase_webpage_default = local.testCase_webpage_default || function (","            options,","            onError","        ) {","        /*","         * this function will test webpage's default handling-behavior","         */","            options = { modeCoverageMerge: true, url: local.serverLocalHost + '?modeTest=1' };","            local.browserTest(options, onError);","        };","","        // run test-server","        local.testRunServer(local);","        break;","    }","}());",""],"l":{"12":2,"14":2,"19":2,"21":2,"23":2,"24":2,"25":2,"30":1,"37":2,"40":2,"43":1,"47":1,"50":1,"52":1,"55":2,"61":2,"62":2,"64":2,"70":1,"76":1,"82":2,"83":2,"85":2,"91":1,"98":1,"102":1,"105":1,"112":1,"119":1,"120":1,"123":1,"130":1,"131":1,"132":1,"133":1,"134":1,"135":1,"138":1,"143":2,"144":2,"147":1,"154":2,"155":2,"158":1,"165":2,"166":2,"169":1,"176":2,"177":2,"180":1,"187":1,"188":1,"192":1,"193":1}},"/home/travis/build/npmtest/node-npmtest-tesseract.js/lib.npmtest_tesseract.js.js":{"path":"/home/travis/build/npmtest/node-npmtest-tesseract.js/lib.npmtest_tesseract.js.js","s":{"1":2,"2":2,"3":2,"4":2,"5":2,"6":2,"7":2,"8":1,"9":2,"10":2,"11":2,"12":2,"13":1,"14":1,"15":1,"16":1},"b":{"1":[2,1,1,1],"2":[1,1,1,1],"3":[1,1],"4":[2,2],"5":[1,1]},"f":{"1":2,"2":2,"3":2},"fnMap":{"1":{"name":"(anonymous_1)","line":12,"loc":{"start":{"line":12,"column":1},"end":{"line":12,"column":13}}},"2":{"name":"(anonymous_2)","line":19,"loc":{"start":{"line":19,"column":5},"end":{"line":19,"column":17}}},"3":{"name":"(anonymous_3)","line":23,"loc":{"start":{"line":23,"column":24},"end":{"line":23,"column":36}}}},"statementMap":{"1":{"start":{"line":12,"column":0},"end":{"line":53,"column":5}},"2":{"start":{"line":14,"column":4},"end":{"line":14,"column":14}},"3":{"start":{"line":19,"column":4},"end":{"line":52,"column":9}},"4":{"start":{"line":21,"column":8},"end":{"line":21,"column":19}},"5":{"start":{"line":23,"column":8},"end":{"line":35,"column":13}},"6":{"start":{"line":24,"column":12},"end":{"line":34,"column":13}},"7":{"start":{"line":25,"column":16},"end":{"line":28,"column":30}},"8":{"start":{"line":30,"column":16},"end":{"line":33,"column":27}},"9":{"start":{"line":37,"column":8},"end":{"line":39,"column":21}},"10":{"start":{"line":41,"column":8},"end":{"line":41,"column":54}},"11":{"start":{"line":43,"column":8},"end":{"line":43,"column":57}},"12":{"start":{"line":45,"column":8},"end":{"line":51,"column":9}},"13":{"start":{"line":46,"column":12},"end":{"line":46,"column":63}},"14":{"start":{"line":48,"column":12},"end":{"line":48,"column":35}},"15":{"start":{"line":49,"column":12},"end":{"line":49,"column":49}},"16":{"start":{"line":50,"column":12},"end":{"line":50,"column":43}}},"branchMap":{"1":{"line":25,"type":"binary-expr","locations":[{"start":{"line":25,"column":23},"end":{"line":25,"column":62}},{"start":{"line":26,"column":20},"end":{"line":26,"column":70}},{"start":{"line":27,"column":20},"end":{"line":27,"column":71}},{"start":{"line":28,"column":20},"end":{"line":28,"column":29}}]},"2":{"line":30,"type":"binary-expr","locations":[{"start":{"line":30,"column":23},"end":{"line":30,"column":37}},{"start":{"line":31,"column":20},"end":{"line":31,"column":61}},{"start":{"line":32,"column":20},"end":{"line":32,"column":70}},{"start":{"line":33,"column":20},"end":{"line":33,"column":26}}]},"3":{"line":37,"type":"cond-expr","locations":[{"start":{"line":38,"column":14},"end":{"line":38,"column":20}},{"start":{"line":39,"column":14},"end":{"line":39,"column":20}}]},"4":{"line":41,"type":"binary-expr","locations":[{"start":{"line":41,"column":16},"end":{"line":41,"column":44}},{"start":{"line":41,"column":48},"end":{"line":41,"column":53}}]},"5":{"line":45,"type":"if","locations":[{"start":{"line":45,"column":8},"end":{"line":45,"column":8}},{"start":{"line":45,"column":8},"end":{"line":45,"column":8}}]}},"code":["/* istanbul instrument in package npmtest_tesseract_js */","/*jslint","    bitwise: true,","    browser: true,","    maxerr: 8,","    maxlen: 96,","    node: true,","    nomen: true,","    regexp: true,","    stupid: true","*/","(function () {","    'use strict';","    var local;","","","","    // run shared js-env code - pre-init","    (function () {","        // init local","        local = {};","        // init modeJs","        local.modeJs = (function () {","            try {","                return typeof navigator.userAgent === 'string' &&","                    typeof document.querySelector('body') === 'object' &&","                    typeof XMLHttpRequest.prototype.open === 'function' &&","                    'browser';","            } catch (errorCaughtBrowser) {","                return module.exports &&","                    typeof process.versions.node === 'string' &&","                    typeof require('http').createServer === 'function' &&","                    'node';","            }","        }());","        // init global","        local.global = local.modeJs === 'browser'","            ? window","            : global;","        // init utility2_rollup","        local = local.global.utility2_rollup || local;","        // init lib","        local.local = local.npmtest_tesseract_js = local;","        // init exports","        if (local.modeJs === 'browser') {","            local.global.utility2_npmtest_tesseract_js = local;","        } else {","            module.exports = local;","            module.exports.__dirname = __dirname;","            module.exports.module = module;","        }","    }());","}());",""],"l":{"12":2,"14":2,"19":2,"21":2,"23":2,"24":2,"25":2,"30":1,"37":2,"41":2,"43":2,"45":2,"46":1,"48":1,"49":1,"50":1}},"/home/travis/build/npmtest/node-npmtest-tesseract.js/example.js":{"path":"/home/travis/build/npmtest/node-npmtest-tesseract.js/example.js","s":{"1":2,"2":2,"3":2,"4":2,"5":2,"6":2,"7":2,"8":1,"9":2,"10":2,"11":2,"12":2,"13":1,"14":2,"15":2,"16":2,"17":2,"18":2,"19":0,"20":2,"21":1,"22":1,"23":1,"24":1,"25":1,"26":0,"27":0,"28":1,"29":1,"30":2,"31":0,"32":0,"33":0,"34":1,"35":2,"36":2,"37":3,"38":3,"39":3,"40":3,"41":0,"42":3,"43":3,"44":3,"45":1,"46":3,"47":1,"48":1,"49":1,"50":1,"51":1,"52":1,"53":1,"54":1,"55":1,"56":1,"57":0,"58":1,"59":6,"60":6,"61":1,"62":2,"63":0,"64":2,"65":1,"66":1,"67":0,"68":0,"69":0,"70":0,"71":0,"72":0,"73":0,"74":0,"75":0,"76":0,"77":0,"78":0,"79":0,"80":0,"81":0,"82":0,"83":0},"b":{"1":[2,1,1,1],"2":[1,1,1,1],"3":[1,1],"4":[2,2],"5":[1,1],"6":[1,1],"7":[2,0],"8":[2,1,1,1,1,1],"9":[0,2,0],"10":[1,1],"11":[2,1,1],"12":[1,0],"13":[0,2],"14":[2,0,0,0,0,0,0],"15":[0,3],"16":[3,0],"17":[1,1],"18":[0,1],"19":[1,2,0,2],"20":[1,0],"21":[1,1],"22":[0,0],"23":[0,0],"24":[0,0],"25":[0,0],"26":[0,0],"27":[0,0],"28":[0,0]},"f":{"1":2,"2":2,"3":2,"4":2,"5":2,"6":2,"7":3,"8":3,"9":3,"10":1,"11":6,"12":0},"fnMap":{"1":{"name":"(anonymous_1)","line":26,"loc":{"start":{"line":26,"column":1},"end":{"line":26,"column":13}}},"2":{"name":"(anonymous_2)","line":33,"loc":{"start":{"line":33,"column":5},"end":{"line":33,"column":17}}},"3":{"name":"(anonymous_3)","line":37,"loc":{"start":{"line":37,"column":24},"end":{"line":37,"column":36}}},"4":{"name":"(anonymous_4)","line":69,"loc":{"start":{"line":69,"column":31},"end":{"line":69,"column":48}},"skip":true},"5":{"name":"(anonymous_5)","line":78,"loc":{"start":{"line":78,"column":26},"end":{"line":78,"column":45}},"skip":true},"6":{"name":"(anonymous_6)","line":123,"loc":{"start":{"line":123,"column":33},"end":{"line":123,"column":48}},"skip":true},"7":{"name":"(anonymous_7)","line":125,"loc":{"start":{"line":125,"column":27},"end":{"line":125,"column":39}},"skip":true},"8":{"name":"(anonymous_8)","line":133,"loc":{"start":{"line":133,"column":59},"end":{"line":133,"column":74}},"skip":true},"9":{"name":"(anonymous_9)","line":143,"loc":{"start":{"line":143,"column":45},"end":{"line":143,"column":62}},"skip":true},"10":{"name":"(anonymous_10)","line":144,"loc":{"start":{"line":144,"column":73},"end":{"line":144,"column":92}},"skip":true},"11":{"name":"(anonymous_11)","line":272,"loc":{"start":{"line":272,"column":51},"end":{"line":272,"column":77}},"skip":true},"12":{"name":"(anonymous_12)","line":315,"loc":{"start":{"line":315,"column":32},"end":{"line":315,"column":61}},"skip":true}},"statementMap":{"1":{"start":{"line":26,"column":0},"end":{"line":326,"column":5}},"2":{"start":{"line":28,"column":4},"end":{"line":28,"column":14}},"3":{"start":{"line":33,"column":4},"end":{"line":60,"column":9}},"4":{"start":{"line":35,"column":8},"end":{"line":35,"column":19}},"5":{"start":{"line":37,"column":8},"end":{"line":49,"column":13}},"6":{"start":{"line":38,"column":12},"end":{"line":48,"column":13}},"7":{"start":{"line":39,"column":16},"end":{"line":42,"column":30}},"8":{"start":{"line":44,"column":16},"end":{"line":47,"column":27}},"9":{"start":{"line":51,"column":8},"end":{"line":53,"column":21}},"10":{"start":{"line":55,"column":8},"end":{"line":57,"column":45}},"11":{"start":{"line":59,"column":8},"end":{"line":59,"column":35}},"12":{"start":{"line":61,"column":4},"end":{"line":325,"column":5}},"13":{"start":{"line":69,"column":8},"end":{"line":121,"column":10},"skip":true},"14":{"start":{"line":70,"column":12},"end":{"line":88,"column":13},"skip":true},"15":{"start":{"line":76,"column":16},"end":{"line":87,"column":19},"skip":true},"16":{"start":{"line":79,"column":20},"end":{"line":86,"column":21},"skip":true},"17":{"start":{"line":82,"column":24},"end":{"line":82,"column":43},"skip":true},"18":{"start":{"line":83,"column":24},"end":{"line":83,"column":30},"skip":true},"19":{"start":{"line":85,"column":24},"end":{"line":85,"column":49},"skip":true},"20":{"start":{"line":89,"column":12},"end":{"line":107,"column":13},"skip":true},"21":{"start":{"line":92,"column":16},"end":{"line":102,"column":17},"skip":true},"22":{"start":{"line":93,"column":20},"end":{"line":93,"column":86},"skip":true},"23":{"start":{"line":94,"column":20},"end":{"line":95,"column":45},"skip":true},"24":{"start":{"line":96,"column":20},"end":{"line":96,"column":42},"skip":true},"25":{"start":{"line":97,"column":20},"end":{"line":97,"column":48},"skip":true},"26":{"start":{"line":100,"column":20},"end":{"line":100,"column":85},"skip":true},"27":{"start":{"line":101,"column":20},"end":{"line":101,"column":96},"skip":true},"28":{"start":{"line":103,"column":16},"end":{"line":103,"column":22},"skip":true},"29":{"start":{"line":106,"column":16},"end":{"line":106,"column":22},"skip":true},"30":{"start":{"line":108,"column":12},"end":{"line":120,"column":13},"skip":true},"31":{"start":{"line":114,"column":16},"end":{"line":119,"column":17},"skip":true},"32":{"start":{"line":116,"column":20},"end":{"line":116,"column":78},"skip":true},"33":{"start":{"line":118,"column":20},"end":{"line":118,"column":47},"skip":true},"34":{"start":{"line":123,"column":8},"end":{"line":141,"column":11},"skip":true},"35":{"start":{"line":124,"column":12},"end":{"line":124,"column":54},"skip":true},"36":{"start":{"line":125,"column":12},"end":{"line":140,"column":14},"skip":true},"37":{"start":{"line":126,"column":16},"end":{"line":126,"column":28},"skip":true},"38":{"start":{"line":127,"column":16},"end":{"line":127,"column":69},"skip":true},"39":{"start":{"line":128,"column":16},"end":{"line":128,"column":75},"skip":true},"40":{"start":{"line":129,"column":16},"end":{"line":131,"column":17},"skip":true},"41":{"start":{"line":130,"column":20},"end":{"line":130,"column":27},"skip":true},"42":{"start":{"line":133,"column":16},"end":{"line":137,"column":36},"skip":true},"43":{"start":{"line":134,"column":20},"end":{"line":136,"column":55},"skip":true},"44":{"start":{"line":139,"column":16},"end":{"line":139,"column":57},"skip":true},"45":{"start":{"line":143,"column":8},"end":{"line":147,"column":11},"skip":true},"46":{"start":{"line":144,"column":12},"end":{"line":146,"column":15},"skip":true},"47":{"start":{"line":145,"column":16},"end":{"line":145,"column":70},"skip":true},"48":{"start":{"line":149,"column":8},"end":{"line":149,"column":31},"skip":true},"49":{"start":{"line":150,"column":8},"end":{"line":150,"column":14},"skip":true},"50":{"start":{"line":158,"column":8},"end":{"line":158,"column":31},"skip":true},"51":{"start":{"line":160,"column":8},"end":{"line":160,"column":33},"skip":true},"52":{"start":{"line":161,"column":8},"end":{"line":161,"column":37},"skip":true},"53":{"start":{"line":162,"column":8},"end":{"line":162,"column":35},"skip":true},"54":{"start":{"line":164,"column":8},"end":{"line":164,"column":50},"skip":true},"55":{"start":{"line":166,"column":8},"end":{"line":256,"column":2},"skip":true},"56":{"start":{"line":258,"column":8},"end":{"line":286,"column":9},"skip":true},"57":{"start":{"line":259,"column":12},"end":{"line":269,"column":14},"skip":true},"58":{"start":{"line":271,"column":12},"end":{"line":285,"column":19},"skip":true},"59":{"start":{"line":274,"column":20},"end":{"line":274,"column":35},"skip":true},"60":{"start":{"line":275,"column":20},"end":{"line":284,"column":21},"skip":true},"61":{"start":{"line":277,"column":24},"end":{"line":277,"column":64},"skip":true},"62":{"start":{"line":279,"column":24},"end":{"line":279,"column":40},"skip":true},"63":{"start":{"line":281,"column":24},"end":{"line":281,"column":40},"skip":true},"64":{"start":{"line":283,"column":24},"end":{"line":283,"column":39},"skip":true},"65":{"start":{"line":288,"column":8},"end":{"line":290,"column":9},"skip":true},"66":{"start":{"line":289,"column":12},"end":{"line":289,"column":18},"skip":true},"67":{"start":{"line":291,"column":8},"end":{"line":293,"column":54},"skip":true},"68":{"start":{"line":296,"column":8},"end":{"line":301,"column":37},"skip":true},"69":{"start":{"line":303,"column":8},"end":{"line":303,"column":82},"skip":true},"70":{"start":{"line":306,"column":8},"end":{"line":308,"column":9},"skip":true},"71":{"start":{"line":307,"column":12},"end":{"line":307,"column":82},"skip":true},"72":{"start":{"line":310,"column":8},"end":{"line":312,"column":9},"skip":true},"73":{"start":{"line":311,"column":12},"end":{"line":311,"column":18},"skip":true},"74":{"start":{"line":313,"column":8},"end":{"line":313,"column":54},"skip":true},"75":{"start":{"line":314,"column":8},"end":{"line":314,"column":69},"skip":true},"76":{"start":{"line":315,"column":8},"end":{"line":323,"column":36},"skip":true},"77":{"start":{"line":316,"column":12},"end":{"line":316,"column":61},"skip":true},"78":{"start":{"line":317,"column":12},"end":{"line":320,"column":13},"skip":true},"79":{"start":{"line":318,"column":16},"end":{"line":318,"column":75},"skip":true},"80":{"start":{"line":319,"column":16},"end":{"line":319,"column":23},"skip":true},"81":{"start":{"line":321,"column":12},"end":{"line":321,"column":38},"skip":true},"82":{"start":{"line":322,"column":12},"end":{"line":322,"column":27},"skip":true},"83":{"start":{"line":324,"column":8},"end":{"line":324,"column":14},"skip":true}},"branchMap":{"1":{"line":39,"type":"binary-expr","locations":[{"start":{"line":39,"column":23},"end":{"line":39,"column":62}},{"start":{"line":40,"column":20},"end":{"line":40,"column":70}},{"start":{"line":41,"column":20},"end":{"line":41,"column":71}},{"start":{"line":42,"column":20},"end":{"line":42,"column":29}}]},"2":{"line":44,"type":"binary-expr","locations":[{"start":{"line":44,"column":23},"end":{"line":44,"column":37}},{"start":{"line":45,"column":20},"end":{"line":45,"column":61}},{"start":{"line":46,"column":20},"end":{"line":46,"column":70}},{"start":{"line":47,"column":20},"end":{"line":47,"column":26}}]},"3":{"line":51,"type":"cond-expr","locations":[{"start":{"line":52,"column":14},"end":{"line":52,"column":20}},{"start":{"line":53,"column":14},"end":{"line":53,"column":20}}]},"4":{"line":55,"type":"binary-expr","locations":[{"start":{"line":55,"column":16},"end":{"line":55,"column":44}},{"start":{"line":55,"column":49},"end":{"line":57,"column":43}}]},"5":{"line":55,"type":"cond-expr","locations":[{"start":{"line":56,"column":14},"end":{"line":56,"column":56}},{"start":{"line":57,"column":14},"end":{"line":57,"column":43}}]},"6":{"line":61,"type":"switch","locations":[{"start":{"line":68,"column":4},"end":{"line":150,"column":14},"skip":true},{"start":{"line":156,"column":4},"end":{"line":324,"column":14},"skip":true}]},"7":{"line":70,"type":"if","locations":[{"start":{"line":70,"column":12},"end":{"line":70,"column":12},"skip":true},{"start":{"line":70,"column":12},"end":{"line":70,"column":12},"skip":true}]},"8":{"line":70,"type":"binary-expr","locations":[{"start":{"line":70,"column":16},"end":{"line":70,"column":22},"skip":true},{"start":{"line":70,"column":27},"end":{"line":70,"column":32},"skip":true},{"start":{"line":71,"column":20},"end":{"line":71,"column":39},"skip":true},{"start":{"line":72,"column":20},"end":{"line":72,"column":49},"skip":true},{"start":{"line":73,"column":20},"end":{"line":73,"column":58},"skip":true},{"start":{"line":74,"column":20},"end":{"line":74,"column":69},"skip":true}]},"9":{"line":79,"type":"switch","locations":[{"start":{"line":80,"column":20},"end":{"line":80,"column":33},"skip":true},{"start":{"line":81,"column":20},"end":{"line":83,"column":30},"skip":true},{"start":{"line":84,"column":20},"end":{"line":85,"column":49},"skip":true}]},"10":{"line":89,"type":"switch","locations":[{"start":{"line":90,"column":12},"end":{"line":103,"column":22},"skip":true},{"start":{"line":105,"column":12},"end":{"line":106,"column":22},"skip":true}]},"11":{"line":89,"type":"binary-expr","locations":[{"start":{"line":89,"column":20},"end":{"line":89,"column":25},"skip":true},{"start":{"line":89,"column":29},"end":{"line":89,"column":48},"skip":true},{"start":{"line":89,"column":52},"end":{"line":89,"column":74},"skip":true}]},"12":{"line":92,"type":"if","locations":[{"start":{"line":92,"column":16},"end":{"line":92,"column":16},"skip":true},{"start":{"line":92,"column":16},"end":{"line":92,"column":16},"skip":true}]},"13":{"line":108,"type":"if","locations":[{"start":{"line":108,"column":12},"end":{"line":108,"column":12},"skip":true},{"start":{"line":108,"column":12},"end":{"line":108,"column":12},"skip":true}]},"14":{"line":108,"type":"binary-expr","locations":[{"start":{"line":108,"column":16},"end":{"line":108,"column":61},"skip":true},{"start":{"line":108,"column":66},"end":{"line":108,"column":72},"skip":true},{"start":{"line":108,"column":77},"end":{"line":108,"column":82},"skip":true},{"start":{"line":109,"column":20},"end":{"line":109,"column":39},"skip":true},{"start":{"line":110,"column":20},"end":{"line":110,"column":49},"skip":true},{"start":{"line":111,"column":20},"end":{"line":111,"column":58},"skip":true},{"start":{"line":112,"column":20},"end":{"line":112,"column":68},"skip":true}]},"15":{"line":129,"type":"if","locations":[{"start":{"line":129,"column":16},"end":{"line":129,"column":16},"skip":true},{"start":{"line":129,"column":16},"end":{"line":129,"column":16},"skip":true}]},"16":{"line":134,"type":"cond-expr","locations":[{"start":{"line":135,"column":26},"end":{"line":135,"column":29},"skip":true},{"start":{"line":136,"column":26},"end":{"line":136,"column":54},"skip":true}]},"17":{"line":164,"type":"binary-expr","locations":[{"start":{"line":164,"column":27},"end":{"line":164,"column":43},"skip":true},{"start":{"line":164,"column":47},"end":{"line":164,"column":49},"skip":true}]},"18":{"line":258,"type":"if","locations":[{"start":{"line":258,"column":8},"end":{"line":258,"column":8},"skip":true},{"start":{"line":258,"column":8},"end":{"line":258,"column":8},"skip":true}]},"19":{"line":275,"type":"switch","locations":[{"start":{"line":276,"column":20},"end":{"line":277,"column":64},"skip":true},{"start":{"line":278,"column":20},"end":{"line":279,"column":40},"skip":true},{"start":{"line":280,"column":20},"end":{"line":281,"column":40},"skip":true},{"start":{"line":282,"column":20},"end":{"line":283,"column":39},"skip":true}]},"20":{"line":288,"type":"if","locations":[{"start":{"line":288,"column":8},"end":{"line":288,"column":8},"skip":true},{"start":{"line":288,"column":8},"end":{"line":288,"column":8},"skip":true}]},"21":{"line":288,"type":"binary-expr","locations":[{"start":{"line":288,"column":12},"end":{"line":288,"column":40},"skip":true},{"start":{"line":288,"column":44},"end":{"line":288,"column":67},"skip":true}]},"22":{"line":292,"type":"binary-expr","locations":[{"start":{"line":292,"column":12},"end":{"line":292,"column":50},"skip":true},{"start":{"line":293,"column":12},"end":{"line":293,"column":53},"skip":true}]},"23":{"line":297,"type":"binary-expr","locations":[{"start":{"line":297,"column":12},"end":{"line":297,"column":70},"skip":true},{"start":{"line":298,"column":12},"end":{"line":301,"column":36},"skip":true}]},"24":{"line":303,"type":"binary-expr","locations":[{"start":{"line":303,"column":43},"end":{"line":303,"column":75},"skip":true},{"start":{"line":303,"column":79},"end":{"line":303,"column":81},"skip":true}]},"25":{"line":306,"type":"if","locations":[{"start":{"line":306,"column":8},"end":{"line":306,"column":8},"skip":true},{"start":{"line":306,"column":8},"end":{"line":306,"column":8},"skip":true}]},"26":{"line":310,"type":"if","locations":[{"start":{"line":310,"column":8},"end":{"line":310,"column":8},"skip":true},{"start":{"line":310,"column":8},"end":{"line":310,"column":8},"skip":true}]},"27":{"line":313,"type":"binary-expr","locations":[{"start":{"line":313,"column":27},"end":{"line":313,"column":43},"skip":true},{"start":{"line":313,"column":47},"end":{"line":313,"column":53},"skip":true}]},"28":{"line":317,"type":"if","locations":[{"start":{"line":317,"column":12},"end":{"line":317,"column":12},"skip":true},{"start":{"line":317,"column":12},"end":{"line":317,"column":12},"skip":true}]}},"code":["/*","example.js","","quickstart example","","instruction","    1. save this script as example.js","    2. run the shell command:","        $ npm install npmtest-tesseract.js && PORT=8081 node example.js","    3. play with the browser-demo on http://127.0.0.1:8081","*/","","","","/* istanbul instrument in package npmtest_tesseract_js */","/*jslint","    bitwise: true,","    browser: true,","    maxerr: 8,","    maxlen: 96,","    node: true,","    nomen: true,","    regexp: true,","    stupid: true","*/","(function () {","    'use strict';","    var local;","","","","    // run shared js-env code - init-before","    (function () {","        // init local","        local = {};","        // init modeJs","        local.modeJs = (function () {","            try {","                return typeof navigator.userAgent === 'string' &&","                    typeof document.querySelector('body') === 'object' &&","                    typeof XMLHttpRequest.prototype.open === 'function' &&","                    'browser';","            } catch (errorCaughtBrowser) {","                return module.exports &&","                    typeof process.versions.node === 'string' &&","                    typeof require('http').createServer === 'function' &&","                    'node';","            }","        }());","        // init global","        local.global = local.modeJs === 'browser'","            ? window","            : global;","        // init utility2_rollup","        local = local.global.utility2_rollup || (local.modeJs === 'browser'","            ? local.global.utility2_npmtest_tesseract_js","            : global.utility2_moduleExports);","        // export local","        local.global.local = local;","    }());","    switch (local.modeJs) {","","","","    // init-after","    // run browser js-env code - init-after","    /* istanbul ignore next */","    case 'browser':","        local.testRunBrowser = function (event) {","            if (!event || (event &&","                    event.currentTarget &&","                    event.currentTarget.className &&","                    event.currentTarget.className.includes &&","                    event.currentTarget.className.includes('onreset'))) {","                // reset output","                Array.from(","                    document.querySelectorAll('body > .resettable')","                ).forEach(function (element) {","                    switch (element.tagName) {","                    case 'INPUT':","                    case 'TEXTAREA':","                        element.value = '';","                        break;","                    default:","                        element.textContent = '';","                    }","                });","            }","            switch (event && event.currentTarget && event.currentTarget.id) {","            case 'testRunButton1':","                // show tests","                if (document.querySelector('#testReportDiv1').style.display === 'none') {","                    document.querySelector('#testReportDiv1').style.display = 'block';","                    document.querySelector('#testRunButton1').textContent =","                        'hide internal test';","                    local.modeTest = true;","                    local.testRunDefault(local);","                // hide tests","                } else {","                    document.querySelector('#testReportDiv1').style.display = 'none';","                    document.querySelector('#testRunButton1').textContent = 'run internal test';","                }","                break;","            // custom-case","            default:","                break;","            }","            if (document.querySelector('#inputTextareaEval1') && (!event || (event &&","                    event.currentTarget &&","                    event.currentTarget.className &&","                    event.currentTarget.className.includes &&","                    event.currentTarget.className.includes('oneval')))) {","                // try to eval input-code","                try {","                    /*jslint evil: true*/","                    eval(document.querySelector('#inputTextareaEval1').value);","                } catch (errorCaught) {","                    console.error(errorCaught);","                }","            }","        };","        // log stderr and stdout to #outputTextareaStdout1","        ['error', 'log'].forEach(function (key) {","            console[key + '_original'] = console[key];","            console[key] = function () {","                var element;","                console[key + '_original'].apply(console, arguments);","                element = document.querySelector('#outputTextareaStdout1');","                if (!element) {","                    return;","                }","                // append text to #outputTextareaStdout1","                element.value += Array.from(arguments).map(function (arg) {","                    return typeof arg === 'string'","                        ? arg","                        : JSON.stringify(arg, null, 4);","                }).join(' ') + '\\n';","                // scroll textarea to bottom","                element.scrollTop = element.scrollHeight;","            };","        });","        // init event-handling","        ['change', 'click', 'keyup'].forEach(function (event) {","            Array.from(document.querySelectorAll('.on' + event)).forEach(function (element) {","                element.addEventListener(event, local.testRunBrowser);","            });","        });","        // run tests","        local.testRunBrowser();","        break;","","","","    // run node js-env code - init-after","    /* istanbul ignore next */","    case 'node':","        // export local","        module.exports = local;","        // require modules","        local.fs = require('fs');","        local.http = require('http');","        local.url = require('url');","        // init assets","        local.assetsDict = local.assetsDict || {};","        /* jslint-ignore-begin */","        local.assetsDict['/assets.index.template.html'] = '\\","<!doctype html>\\n\\","<html lang=\"en\">\\n\\","<head>\\n\\","<meta charset=\"UTF-8\">\\n\\","<meta name=\"viewport\" content=\"width=device-width, initial-scale=1\">\\n\\","<title>{{env.npm_package_name}} (v{{env.npm_package_version}})</title>\\n\\","<style>\\n\\","/*csslint\\n\\","    box-sizing: false,\\n\\","    universal-selector: false\\n\\","*/\\n\\","* {\\n\\","    box-sizing: border-box;\\n\\","}\\n\\","body {\\n\\","    background: #dde;\\n\\","    font-family: Arial, Helvetica, sans-serif;\\n\\","    margin: 2rem;\\n\\","}\\n\\","body > * {\\n\\","    margin-bottom: 1rem;\\n\\","}\\n\\",".utility2FooterDiv {\\n\\","    margin-top: 20px;\\n\\","    text-align: center;\\n\\","}\\n\\","</style>\\n\\","<style>\\n\\","/*csslint\\n\\","*/\\n\\","textarea {\\n\\","    font-family: monospace;\\n\\","    height: 10rem;\\n\\","    width: 100%;\\n\\","}\\n\\","textarea[readonly] {\\n\\","    background: #ddd;\\n\\","}\\n\\","</style>\\n\\","</head>\\n\\","<body>\\n\\","<!-- utility2-comment\\n\\","<div id=\"ajaxProgressDiv1\" style=\"background: #d00; height: 2px; left: 0; margin: 0; padding: 0; position: fixed; top: 0; transition: background 0.5s, width 1.5s; width: 25%;\"></div>\\n\\","utility2-comment -->\\n\\","<h1>\\n\\","<!-- utility2-comment\\n\\","    <a\\n\\","        {{#if env.npm_package_homepage}}\\n\\","        href=\"{{env.npm_package_homepage}}\"\\n\\","        {{/if env.npm_package_homepage}}\\n\\","        target=\"_blank\"\\n\\","    >\\n\\","utility2-comment -->\\n\\","        {{env.npm_package_name}} (v{{env.npm_package_version}})\\n\\","<!-- utility2-comment\\n\\","    </a>\\n\\","utility2-comment -->\\n\\","</h1>\\n\\","<h3>{{env.npm_package_description}}</h3>\\n\\","<!-- utility2-comment\\n\\","<h4><a download href=\"assets.app.js\">download standalone app</a></h4>\\n\\","<button class=\"onclick onreset\" id=\"testRunButton1\">run internal test</button><br>\\n\\","<div id=\"testReportDiv1\" style=\"display: none;\"></div>\\n\\","utility2-comment -->\\n\\","\\n\\","\\n\\","\\n\\","<label>stderr and stdout</label>\\n\\","<textarea class=\"resettable\" id=\"outputTextareaStdout1\" readonly></textarea>\\n\\","<!-- utility2-comment\\n\\","{{#if isRollup}}\\n\\","<script src=\"assets.app.js\"></script>\\n\\","{{#unless isRollup}}\\n\\","utility2-comment -->\\n\\","<script src=\"assets.utility2.rollup.js\"></script>\\n\\","<script src=\"jsonp.utility2._stateInit?callback=window.utility2._stateInit\"></script>\\n\\","<script src=\"assets.npmtest_tesseract_js.rollup.js\"></script>\\n\\","<script src=\"assets.example.js\"></script>\\n\\","<script src=\"assets.test.js\"></script>\\n\\","<!-- utility2-comment\\n\\","{{/if isRollup}}\\n\\","utility2-comment -->\\n\\","<div class=\"utility2FooterDiv\">\\n\\","    [ this app was created with\\n\\","    <a href=\"https://github.com/kaizhu256/node-utility2\" target=\"_blank\">utility2</a>\\n\\","    ]\\n\\","</div>\\n\\","</body>\\n\\","</html>\\n\\","';","        /* jslint-ignore-end */","        if (local.templateRender) {","            local.assetsDict['/'] = local.templateRender(","                local.assetsDict['/assets.index.template.html'],","                {","                    env: local.objectSetDefault(local.env, {","                        npm_package_description: 'the greatest app in the world!',","                        npm_package_name: 'my-app',","                        npm_package_nameAlias: 'my_app',","                        npm_package_version: '0.0.1'","                    })","                }","            );","        } else {","            local.assetsDict['/'] = local.assetsDict['/assets.index.template.html']","                .replace((/\\{\\{env\\.(\\w+?)\\}\\}/g), function (match0, match1) {","                    // jslint-hack","                    String(match0);","                    switch (match1) {","                    case 'npm_package_description':","                        return 'the greatest app in the world!';","                    case 'npm_package_name':","                        return 'my-app';","                    case 'npm_package_nameAlias':","                        return 'my_app';","                    case 'npm_package_version':","                        return '0.0.1';","                    }","                });","        }","        // run the cli","        if (local.global.utility2_rollup || module !== require.main) {","            break;","        }","        local.assetsDict['/assets.example.js'] =","            local.assetsDict['/assets.example.js'] ||","            local.fs.readFileSync(__filename, 'utf8');","        // bug-workaround - long $npm_package_buildCustomOrg","        /* jslint-ignore-begin */","        local.assetsDict['/assets.npmtest_tesseract_js.rollup.js'] =","            local.assetsDict['/assets.npmtest_tesseract_js.rollup.js'] ||","            local.fs.readFileSync(","                local.npmtest_tesseract_js.__dirname + '/lib.npmtest_tesseract_js.js',","                'utf8'","            ).replace((/^#!/), '//');","        /* jslint-ignore-end */","        local.assetsDict['/favicon.ico'] = local.assetsDict['/favicon.ico'] || '';","        // if $npm_config_timeout_exit exists,","        // then exit this process after $npm_config_timeout_exit ms","        if (Number(process.env.npm_config_timeout_exit)) {","            setTimeout(process.exit, Number(process.env.npm_config_timeout_exit));","        }","        // start server","        if (local.global.utility2_serverHttp1) {","            break;","        }","        process.env.PORT = process.env.PORT || '8081';","        console.error('server starting on port ' + process.env.PORT);","        local.http.createServer(function (request, response) {","            request.urlParsed = local.url.parse(request.url);","            if (local.assetsDict[request.urlParsed.pathname] !== undefined) {","                response.end(local.assetsDict[request.urlParsed.pathname]);","                return;","            }","            response.statusCode = 404;","            response.end();","        }).listen(process.env.PORT);","        break;","    }","}());",""],"l":{"26":2,"28":2,"33":2,"35":2,"37":2,"38":2,"39":2,"44":1,"51":2,"55":2,"59":2,"61":2,"69":1,"70":2,"76":2,"79":2,"82":2,"83":2,"85":1,"89":2,"92":1,"93":1,"94":1,"96":1,"97":1,"100":1,"101":1,"103":1,"106":1,"108":2,"114":1,"116":1,"118":1,"123":1,"124":2,"125":2,"126":3,"127":3,"128":3,"129":3,"130":1,"133":3,"134":3,"139":3,"143":1,"144":3,"145":1,"149":1,"150":1,"158":1,"160":1,"161":1,"162":1,"164":1,"166":1,"258":1,"259":1,"271":1,"274":6,"275":6,"277":1,"279":2,"281":1,"283":2,"288":1,"289":1,"291":1,"296":1,"303":1,"306":1,"307":1,"310":1,"311":1,"313":1,"314":1,"315":1,"316":1,"317":1,"318":1,"319":1,"321":1,"322":1,"324":1}},"/home/travis/build/npmtest/node-npmtest-tesseract.js/node_modules/tesseract.js/src/index.js":{"path":"/home/travis/build/npmtest/node-npmtest-tesseract.js/node_modules/tesseract.js/src/index.js","s":{"1":1,"2":1,"3":1,"4":1,"5":1,"6":1,"7":1,"8":1,"9":1,"10":1,"11":1,"12":1,"13":1,"14":1,"15":1,"16":0,"17":0,"18":0,"19":0,"20":0,"21":0,"22":0,"23":0,"24":0,"25":0,"26":0,"27":0,"28":0,"29":0,"30":0,"31":0,"32":0,"33":0,"34":0,"35":0,"36":0,"37":0,"38":0,"39":0,"40":0,"41":0,"42":0,"43":0,"44":0,"45":0,"46":1,"47":1},"b":{"1":[1,1],"2":[0,0],"3":[0,0],"4":[0,0],"5":[0,0],"6":[0,0],"7":[0,0],"8":[0,0],"9":[0,0],"10":[0,0],"11":[0,0],"12":[0,0]},"f":{"1":1,"2":1,"3":0,"4":0,"5":0,"6":0,"7":0,"8":0},"fnMap":{"1":{"name":"create","line":7,"loc":{"start":{"line":7,"column":0},"end":{"line":7,"column":30}}},"2":{"name":"(anonymous_2)","line":16,"loc":{"start":{"line":16,"column":12},"end":{"line":16,"column":27}}},"3":{"name":"(anonymous_3)","line":23,"loc":{"start":{"line":23,"column":10},"end":{"line":23,"column":26}}},"4":{"name":"(anonymous_4)","line":35,"loc":{"start":{"line":35,"column":7},"end":{"line":35,"column":23}}},"5":{"name":"(anonymous_5)","line":42,"loc":{"start":{"line":42,"column":10},"end":{"line":42,"column":12}}},"6":{"name":"(anonymous_6)","line":47,"loc":{"start":{"line":47,"column":7},"end":{"line":47,"column":11}}},"7":{"name":"(anonymous_7)","line":60,"loc":{"start":{"line":60,"column":9},"end":{"line":60,"column":11}}},"8":{"name":"(anonymous_8)","line":67,"loc":{"start":{"line":67,"column":6},"end":{"line":67,"column":14}}}},"statementMap":{"1":{"start":{"line":1,"column":0},"end":{"line":1,"column":42}},"2":{"start":{"line":2,"column":0},"end":{"line":2,"column":54}},"3":{"start":{"line":3,"column":0},"end":{"line":3,"column":45}},"4":{"start":{"line":4,"column":0},"end":{"line":4,"column":46}},"5":{"start":{"line":5,"column":0},"end":{"line":5,"column":51}},"6":{"start":{"line":7,"column":0},"end":{"line":13,"column":1}},"7":{"start":{"line":8,"column":1},"end":{"line":8,"column":37}},"8":{"start":{"line":9,"column":1},"end":{"line":9,"column":90}},"9":{"start":{"line":10,"column":1},"end":{"line":10,"column":24}},"10":{"start":{"line":11,"column":1},"end":{"line":11,"column":26}},"11":{"start":{"line":12,"column":1},"end":{"line":12,"column":15}},"12":{"start":{"line":17,"column":2},"end":{"line":17,"column":21}},"13":{"start":{"line":18,"column":2},"end":{"line":18,"column":37}},"14":{"start":{"line":19,"column":2},"end":{"line":19,"column":26}},"15":{"start":{"line":20,"column":2},"end":{"line":20,"column":18}},"16":{"start":{"line":24,"column":2},"end":{"line":33,"column":4}},"17":{"start":{"line":25,"column":3},"end":{"line":30,"column":4}},"18":{"start":{"line":26,"column":4},"end":{"line":26,"column":32}},"19":{"start":{"line":28,"column":4},"end":{"line":28,"column":27}},"20":{"start":{"line":29,"column":4},"end":{"line":29,"column":41}},"21":{"start":{"line":32,"column":3},"end":{"line":32,"column":96}},"22":{"start":{"line":36,"column":2},"end":{"line":36,"column":25}},"23":{"start":{"line":37,"column":2},"end":{"line":39,"column":4}},"24":{"start":{"line":38,"column":3},"end":{"line":38,"column":93}},"25":{"start":{"line":43,"column":2},"end":{"line":43,"column":48}},"26":{"start":{"line":43,"column":18},"end":{"line":43,"column":48}},"27":{"start":{"line":44,"column":2},"end":{"line":44,"column":21}},"28":{"start":{"line":48,"column":2},"end":{"line":48,"column":79}},"29":{"start":{"line":48,"column":19},"end":{"line":48,"column":79}},"30":{"start":{"line":50,"column":2},"end":{"line":50,"column":35}},"31":{"start":{"line":51,"column":2},"end":{"line":55,"column":4}},"32":{"start":{"line":52,"column":3},"end":{"line":52,"column":22}},"33":{"start":{"line":53,"column":3},"end":{"line":53,"column":26}},"34":{"start":{"line":54,"column":3},"end":{"line":54,"column":10}},"35":{"start":{"line":56,"column":2},"end":{"line":56,"column":40}},"36":{"start":{"line":56,"column":24},"end":{"line":56,"column":40}},"37":{"start":{"line":57,"column":2},"end":{"line":57,"column":12}},"38":{"start":{"line":61,"column":2},"end":{"line":61,"column":26}},"39":{"start":{"line":62,"column":2},"end":{"line":64,"column":3}},"40":{"start":{"line":63,"column":3},"end":{"line":63,"column":19}},"41":{"start":{"line":69,"column":8},"end":{"line":71,"column":9}},"42":{"start":{"line":70,"column":12},"end":{"line":70,"column":51}},"43":{"start":{"line":73,"column":2},"end":{"line":77,"column":3}},"44":{"start":{"line":74,"column":3},"end":{"line":74,"column":35}},"45":{"start":{"line":76,"column":3},"end":{"line":76,"column":57}},"46":{"start":{"line":81,"column":0},"end":{"line":81,"column":31}},"47":{"start":{"line":83,"column":0},"end":{"line":83,"column":33}}},"branchMap":{"1":{"line":8,"type":"binary-expr","locations":[{"start":{"line":8,"column":17},"end":{"line":8,"column":30}},{"start":{"line":8,"column":34},"end":{"line":8,"column":36}}]},"2":{"line":25,"type":"if","locations":[{"start":{"line":25,"column":3},"end":{"line":25,"column":3}},{"start":{"line":25,"column":3},"end":{"line":25,"column":3}}]},"3":{"line":28,"type":"binary-expr","locations":[{"start":{"line":28,"column":14},"end":{"line":28,"column":21}},{"start":{"line":28,"column":25},"end":{"line":28,"column":27}}]},"4":{"line":29,"type":"binary-expr","locations":[{"start":{"line":29,"column":19},"end":{"line":29,"column":31}},{"start":{"line":29,"column":35},"end":{"line":29,"column":40}}]},"5":{"line":36,"type":"binary-expr","locations":[{"start":{"line":36,"column":12},"end":{"line":36,"column":19}},{"start":{"line":36,"column":23},"end":{"line":36,"column":25}}]},"6":{"line":43,"type":"if","locations":[{"start":{"line":43,"column":2},"end":{"line":43,"column":2}},{"start":{"line":43,"column":2},"end":{"line":43,"column":2}}]},"7":{"line":48,"type":"if","locations":[{"start":{"line":48,"column":2},"end":{"line":48,"column":2}},{"start":{"line":48,"column":2},"end":{"line":48,"column":2}}]},"8":{"line":56,"type":"if","locations":[{"start":{"line":56,"column":2},"end":{"line":56,"column":2}},{"start":{"line":56,"column":2},"end":{"line":56,"column":2}}]},"9":{"line":62,"type":"if","locations":[{"start":{"line":62,"column":2},"end":{"line":62,"column":2}},{"start":{"line":62,"column":2},"end":{"line":62,"column":2}}]},"10":{"line":69,"type":"if","locations":[{"start":{"line":69,"column":8},"end":{"line":69,"column":8}},{"start":{"line":69,"column":8},"end":{"line":69,"column":8}}]},"11":{"line":69,"type":"binary-expr","locations":[{"start":{"line":69,"column":11},"end":{"line":69,"column":38}},{"start":{"line":69,"column":42},"end":{"line":69,"column":71}}]},"12":{"line":73,"type":"if","locations":[{"start":{"line":73,"column":2},"end":{"line":73,"column":2}},{"start":{"line":73,"column":2},"end":{"line":73,"column":2}}]}},"code":["const adapter = require('./node/index.js')","const circularize = require('./common/circularize.js')","const TesseractJob = require('./common/job');","const objectAssign = require('object-assign');","const version = require('../package.json').version;","","function create(workerOptions){","\tworkerOptions = workerOptions || {};","\tvar worker = new TesseractWorker(objectAssign({}, adapter.defaultOptions, workerOptions))","\tworker.create = create;","\tworker.version = version;","\treturn worker;","}","","class TesseractWorker {","\tconstructor(workerOptions){","\t\tthis.worker = null;","\t\tthis.workerOptions = workerOptions;","\t\tthis._currentJob = null;","\t\tthis._queue = []","\t}","","\trecognize(image, options){","\t\treturn this._delay(job => {","\t\t\tif(typeof options === 'string'){","\t\t\t\toptions = { lang: options };","\t\t\t}else{","\t\t\t\toptions = options || {}","\t\t\t\toptions.lang = options.lang || 'eng';\t","\t\t\t}","\t\t\t","\t\t\tjob._send('recognize', { image: image, options: options, workerOptions: this.workerOptions })","\t\t})","\t}","\tdetect(image, options){","\t\toptions = options || {}","\t\treturn this._delay(job => {","\t\t\tjob._send('detect', { image: image, options: options, workerOptions: this.workerOptions })","\t\t})","\t}","","\tterminate(){ ","\t\tif(this.worker) adapter.terminateWorker(this);","\t\tthis.worker = null;","\t}","","\t_delay(fn){","\t\tif(!this.worker) this.worker = adapter.spawnWorker(this, this.workerOptions);","","\t\tvar job = new TesseractJob(this);","\t\tthis._queue.push(e => {","\t\t\tthis._queue.shift()","\t\t\tthis._currentJob = job;","\t\t\tfn(job)","\t\t})","\t\tif(!this._currentJob) this._dequeue();","\t\treturn job","\t}","","\t_dequeue(){","\t\tthis._currentJob = null;","\t\tif(this._queue.length > 0){","\t\t\tthis._queue[0]()","\t\t}","\t}","","\t_recv(packet){","","        if(packet.status === 'resolve' && packet.action === 'recognize'){","            packet.data = circularize(packet.data);","        }","","\t\tif(this._currentJob.id === packet.jobId){","\t\t\tthis._currentJob._handle(packet)","\t\t}else{","\t\t\tconsole.warn('Job ID ' + packet.jobId + ' not known.')","\t\t}","\t}","}","","var DefaultTesseract = create()","","module.exports = DefaultTesseract"],"l":{"1":1,"2":1,"3":1,"4":1,"5":1,"7":1,"8":1,"9":1,"10":1,"11":1,"12":1,"17":1,"18":1,"19":1,"20":1,"24":0,"25":0,"26":0,"28":0,"29":0,"32":0,"36":0,"37":0,"38":0,"43":0,"44":0,"48":0,"50":0,"51":0,"52":0,"53":0,"54":0,"56":0,"57":0,"61":0,"62":0,"63":0,"69":0,"70":0,"73":0,"74":0,"76":0,"81":1,"83":1}},"/home/travis/build/npmtest/node-npmtest-tesseract.js/node_modules/tesseract.js/src/node/index.js":{"path":"/home/travis/build/npmtest/node-npmtest-tesseract.js/node_modules/tesseract.js/src/node/index.js","s":{"1":1,"2":1,"3":1,"4":1,"5":1,"6":1,"7":1,"8":0,"9":0,"10":0,"11":0,"12":1,"13":0,"14":1,"15":0,"16":0,"17":0,"18":1,"19":0,"20":0,"21":0,"22":0,"23":0,"24":0,"25":0,"26":0,"27":0,"28":0,"29":0,"30":0,"31":0,"32":0,"33":0,"34":0,"35":0,"36":0,"37":0,"38":0,"39":0,"40":0,"41":0,"42":0,"43":0,"44":0,"45":0,"46":0,"47":0,"48":0,"49":0,"50":0,"51":0,"52":0,"53":0,"54":0,"55":0,"56":0,"57":0},"b":{"1":[0,0],"2":[0,0],"3":[0,0],"4":[0,0],"5":[0,0],"6":[0,0],"7":[0,0],"8":[0,0],"9":[0,0,0,0]},"f":{"1":0,"2":0,"3":0,"4":0,"5":0,"6":0,"7":0,"8":0,"9":0,"10":0,"11":0},"fnMap":{"1":{"name":"spawnWorker","line":13,"loc":{"start":{"line":13,"column":22},"end":{"line":13,"column":67}}},"2":{"name":"(anonymous_2)","line":15,"loc":{"start":{"line":15,"column":21},"end":{"line":15,"column":37}}},"3":{"name":"(anonymous_3)","line":21,"loc":{"start":{"line":21,"column":26},"end":{"line":21,"column":44}}},"4":{"name":"sendPacket","line":25,"loc":{"start":{"line":25,"column":21},"end":{"line":25,"column":58}}},"5":{"name":"(anonymous_5)","line":26,"loc":{"start":{"line":26,"column":36},"end":{"line":26,"column":49}}},"6":{"name":"loadImage","line":33,"loc":{"start":{"line":33,"column":0},"end":{"line":33,"column":29}}},"7":{"name":"(anonymous_7)","line":36,"loc":{"start":{"line":36,"column":26},"end":{"line":36,"column":42}}},"8":{"name":"(anonymous_8)","line":38,"loc":{"start":{"line":38,"column":16},"end":{"line":38,"column":34}}},"9":{"name":"(anonymous_9)","line":40,"loc":{"start":{"line":40,"column":17},"end":{"line":40,"column":32}}},"10":{"name":"(anonymous_10)","line":46,"loc":{"start":{"line":46,"column":27},"end":{"line":46,"column":48}}},"11":{"name":"(anonymous_11)","line":58,"loc":{"start":{"line":58,"column":25},"end":{"line":58,"column":43}}}},"statementMap":{"1":{"start":{"line":1,"column":0},"end":{"line":1,"column":28}},"2":{"start":{"line":2,"column":0},"end":{"line":2,"column":35}},"3":{"start":{"line":3,"column":0},"end":{"line":3,"column":31}},"4":{"start":{"line":5,"column":0},"end":{"line":8,"column":1}},"5":{"start":{"line":10,"column":0},"end":{"line":10,"column":43}},"6":{"start":{"line":11,"column":0},"end":{"line":11,"column":24}},"7":{"start":{"line":13,"column":0},"end":{"line":19,"column":1}},"8":{"start":{"line":14,"column":4},"end":{"line":14,"column":44}},"9":{"start":{"line":15,"column":4},"end":{"line":17,"column":6}},"10":{"start":{"line":16,"column":8},"end":{"line":16,"column":30}},"11":{"start":{"line":18,"column":4},"end":{"line":18,"column":14}},"12":{"start":{"line":21,"column":0},"end":{"line":23,"column":1}},"13":{"start":{"line":22,"column":4},"end":{"line":22,"column":26}},"14":{"start":{"line":25,"column":0},"end":{"line":30,"column":1}},"15":{"start":{"line":26,"column":4},"end":{"line":29,"column":6}},"16":{"start":{"line":27,"column":8},"end":{"line":27,"column":34}},"17":{"start":{"line":28,"column":8},"end":{"line":28,"column":36}},"18":{"start":{"line":33,"column":0},"end":{"line":97,"column":1}},"19":{"start":{"line":35,"column":4},"end":{"line":43,"column":5}},"20":{"start":{"line":36,"column":8},"end":{"line":42,"column":11}},"21":{"start":{"line":37,"column":12},"end":{"line":37,"column":33}},"22":{"start":{"line":39,"column":12},"end":{"line":39,"column":41}},"23":{"start":{"line":41,"column":12},"end":{"line":41,"column":38}},"24":{"start":{"line":45,"column":4},"end":{"line":88,"column":5}},"25":{"start":{"line":46,"column":8},"end":{"line":49,"column":10}},"26":{"start":{"line":47,"column":12},"end":{"line":47,"column":31}},"27":{"start":{"line":47,"column":21},"end":{"line":47,"column":31}},"28":{"start":{"line":48,"column":12},"end":{"line":48,"column":33}},"29":{"start":{"line":50,"column":8},"end":{"line":50,"column":14}},"30":{"start":{"line":51,"column":10},"end":{"line":88,"column":5}},"31":{"start":{"line":52,"column":8},"end":{"line":52,"column":44}},"32":{"start":{"line":53,"column":8},"end":{"line":53,"column":39}},"33":{"start":{"line":55,"column":8},"end":{"line":85,"column":9}},"34":{"start":{"line":56,"column":12},"end":{"line":56,"column":46}},"35":{"start":{"line":57,"column":12},"end":{"line":57,"column":46}},"36":{"start":{"line":58,"column":12},"end":{"line":79,"column":15}},"37":{"start":{"line":59,"column":16},"end":{"line":59,"column":35}},"38":{"start":{"line":59,"column":25},"end":{"line":59,"column":35}},"39":{"start":{"line":61,"column":16},"end":{"line":64,"column":17}},"40":{"start":{"line":65,"column":16},"end":{"line":65,"column":75}},"41":{"start":{"line":66,"column":16},"end":{"line":76,"column":17}},"42":{"start":{"line":67,"column":20},"end":{"line":75,"column":21}},"43":{"start":{"line":68,"column":24},"end":{"line":69,"column":53}},"44":{"start":{"line":71,"column":24},"end":{"line":71,"column":51}},"45":{"start":{"line":72,"column":24},"end":{"line":72,"column":55}},"46":{"start":{"line":73,"column":24},"end":{"line":73,"column":55}},"47":{"start":{"line":74,"column":24},"end":{"line":74,"column":56}},"48":{"start":{"line":78,"column":16},"end":{"line":78,"column":36}},"49":{"start":{"line":80,"column":12},"end":{"line":80,"column":18}},"50":{"start":{"line":81,"column":14},"end":{"line":85,"column":9}},"51":{"start":{"line":82,"column":12},"end":{"line":82,"column":42}},"52":{"start":{"line":83,"column":12},"end":{"line":83,"column":45}},"53":{"start":{"line":84,"column":12},"end":{"line":84,"column":18}},"54":{"start":{"line":92,"column":4},"end":{"line":95,"column":5}},"55":{"start":{"line":93,"column":8},"end":{"line":93,"column":43}},"56":{"start":{"line":94,"column":8},"end":{"line":94,"column":35}},"57":{"start":{"line":96,"column":4},"end":{"line":96,"column":13}}},"branchMap":{"1":{"line":35,"type":"if","locations":[{"start":{"line":35,"column":4},"end":{"line":35,"column":4}},{"start":{"line":35,"column":4},"end":{"line":35,"column":4}}]},"2":{"line":45,"type":"if","locations":[{"start":{"line":45,"column":4},"end":{"line":45,"column":4}},{"start":{"line":45,"column":4},"end":{"line":45,"column":4}}]},"3":{"line":47,"type":"if","locations":[{"start":{"line":47,"column":12},"end":{"line":47,"column":12}},{"start":{"line":47,"column":12},"end":{"line":47,"column":12}}]},"4":{"line":51,"type":"if","locations":[{"start":{"line":51,"column":10},"end":{"line":51,"column":10}},{"start":{"line":51,"column":10},"end":{"line":51,"column":10}}]},"5":{"line":55,"type":"if","locations":[{"start":{"line":55,"column":8},"end":{"line":55,"column":8}},{"start":{"line":55,"column":8},"end":{"line":55,"column":8}}]},"6":{"line":59,"type":"if","locations":[{"start":{"line":59,"column":16},"end":{"line":59,"column":16}},{"start":{"line":59,"column":16},"end":{"line":59,"column":16}}]},"7":{"line":81,"type":"if","locations":[{"start":{"line":81,"column":14},"end":{"line":81,"column":14}},{"start":{"line":81,"column":14},"end":{"line":81,"column":14}}]},"8":{"line":92,"type":"if","locations":[{"start":{"line":92,"column":4},"end":{"line":92,"column":4}},{"start":{"line":92,"column":4},"end":{"line":92,"column":4}}]},"9":{"line":92,"type":"binary-expr","locations":[{"start":{"line":92,"column":7},"end":{"line":92,"column":12}},{"start":{"line":92,"column":16},"end":{"line":92,"column":26}},{"start":{"line":92,"column":30},"end":{"line":92,"column":47}},{"start":{"line":92,"column":51},"end":{"line":92,"column":77}}]}},"code":["const path = require('path')","const fetch = require('node-fetch')","const isURL = require('is-url')","","exports.defaultOptions = {","    workerPath: path.join(__dirname, 'worker.js'),","    langPath: 'http://cdn.rawgit.com/naptha/tessdata/gh-pages/3.02/',","}","","const fork = require('child_process').fork;","const fs = require('fs')","","exports.spawnWorker = function spawnWorker(instance, workerOptions){","    var cp = fork(workerOptions.workerPath);","    cp.on('message', function(packet){","        instance._recv(packet)","    })","    return cp;","}","","exports.terminateWorker = function(instance){","    instance.worker.kill()","}","","exports.sendPacket = function sendPacket(instance, packet){","    loadImage(packet.payload.image, function(img){","        packet.payload.image = img","        instance.worker.send(packet)","    })","}","","","function loadImage(image, cb){","    ","    if(isURL(image)) {","        fetch(image).then(function (resp) {","            return resp.buffer();","        }).then(function (buffer) {","            return loadImage(buffer, cb);","        }).catch(function (err) {","            return console.error(err);","        });","    }","","    if(typeof image === 'string'){","        fs.readFile(image, function(err, buffer){","            if (err) throw err;","            loadImage(buffer, cb)","        })","        return","    }else if(image instanceof Buffer){","        var fileType = require('file-type');","        var mime = fileType(image).mime","","        if(mime === 'image/png'){","            var PNGReader = require('png.js');","            var reader = new PNGReader(image);","            reader.parse(function(err, png){","                if (err) throw err;","","                var image = {","                    width: png.getWidth(),","                    height: png.getHeight()","                }","                image.data = new Uint8Array(image.width * image.height * 4)","                for(var j = 0; j < image.height; j++){","                    for(var i = 0; i < image.width; i++){","                        var offset = 4 * (i + j * image.width),","                            pix = png.getPixel(i, j);","","                        image.data[offset] = pix[0]","                        image.data[offset + 1] = pix[1]","                        image.data[offset + 2] = pix[2]","                        image.data[offset + 3] = pix[3];","                    }","                }","                // console.log(image)","                loadImage(image, cb)","            });","            return","        }else if(mime === 'image/jpeg'){","            var jpeg = require('jpeg-js');","            loadImage(jpeg.decode(image), cb)","            return","        }","","        // TODO: support for TIFF, NetPBM, BMP, etc.","    }","","    // node uses json.stringify for ipc which means we need to turn","    // fancy arrays into raw arrays","    if(image && image.data && image.data.length && !Array.isArray(image.data)){","        image.data = Array.from(image.data)","        return loadImage(image, cb)","    }","    cb(image)","}"],"l":{"1":1,"2":1,"3":1,"5":1,"10":1,"11":1,"13":1,"14":0,"15":0,"16":0,"18":0,"21":1,"22":0,"25":1,"26":0,"27":0,"28":0,"33":1,"35":0,"36":0,"37":0,"39":0,"41":0,"45":0,"46":0,"47":0,"48":0,"50":0,"51":0,"52":0,"53":0,"55":0,"56":0,"57":0,"58":0,"59":0,"61":0,"65":0,"66":0,"67":0,"68":0,"71":0,"72":0,"73":0,"74":0,"78":0,"80":0,"81":0,"82":0,"83":0,"84":0,"92":0,"93":0,"94":0,"96":0}},"/home/travis/build/npmtest/node-npmtest-tesseract.js/node_modules/tesseract.js/src/common/circularize.js":{"path":"/home/travis/build/npmtest/node-npmtest-tesseract.js/node_modules/tesseract.js/src/common/circularize.js","s":{"1":1,"2":0,"3":0,"4":0,"5":0,"6":0,"7":0,"8":0,"9":0,"10":0,"11":0,"12":0,"13":0,"14":0,"15":0,"16":0,"17":0,"18":0,"19":0,"20":0,"21":0,"22":0,"23":0,"24":0,"25":0,"26":0,"27":0,"28":0,"29":0,"30":0,"31":0,"32":0,"33":0,"34":0,"35":0,"36":0,"37":0,"38":0,"39":0,"40":0,"41":0,"42":0},"b":{},"f":{"1":0,"2":0,"3":0,"4":0,"5":0,"6":0},"fnMap":{"1":{"name":"circularize","line":8,"loc":{"start":{"line":8,"column":17},"end":{"line":8,"column":43}}},"2":{"name":"(anonymous_2)","line":14,"loc":{"start":{"line":14,"column":24},"end":{"line":14,"column":39}}},"3":{"name":"(anonymous_3)","line":21,"loc":{"start":{"line":21,"column":33},"end":{"line":21,"column":47}}},"4":{"name":"(anonymous_4)","line":28,"loc":{"start":{"line":28,"column":31},"end":{"line":28,"column":45}}},"5":{"name":"(anonymous_5)","line":35,"loc":{"start":{"line":35,"column":35},"end":{"line":35,"column":49}}},"6":{"name":"(anonymous_6)","line":40,"loc":{"start":{"line":40,"column":41},"end":{"line":40,"column":54}}}},"statementMap":{"1":{"start":{"line":8,"column":0},"end":{"line":63,"column":1}},"2":{"start":{"line":9,"column":4},"end":{"line":9,"column":24}},"3":{"start":{"line":10,"column":4},"end":{"line":10,"column":19}},"4":{"start":{"line":11,"column":4},"end":{"line":11,"column":19}},"5":{"start":{"line":12,"column":4},"end":{"line":12,"column":21}},"6":{"start":{"line":14,"column":4},"end":{"line":61,"column":6}},"7":{"start":{"line":15,"column":8},"end":{"line":15,"column":26}},"8":{"start":{"line":17,"column":8},"end":{"line":17,"column":24}},"9":{"start":{"line":18,"column":8},"end":{"line":18,"column":24}},"10":{"start":{"line":19,"column":8},"end":{"line":19,"column":26}},"11":{"start":{"line":21,"column":8},"end":{"line":60,"column":10}},"12":{"start":{"line":22,"column":12},"end":{"line":22,"column":31}},"13":{"start":{"line":23,"column":12},"end":{"line":23,"column":29}},"14":{"start":{"line":25,"column":12},"end":{"line":25,"column":27}},"15":{"start":{"line":26,"column":12},"end":{"line":26,"column":29}},"16":{"start":{"line":28,"column":12},"end":{"line":58,"column":14}},"17":{"start":{"line":29,"column":16},"end":{"line":29,"column":38}},"18":{"start":{"line":30,"column":16},"end":{"line":30,"column":35}},"19":{"start":{"line":31,"column":16},"end":{"line":31,"column":33}},"20":{"start":{"line":33,"column":16},"end":{"line":33,"column":33}},"21":{"start":{"line":35,"column":16},"end":{"line":55,"column":18}},"22":{"start":{"line":36,"column":20},"end":{"line":36,"column":37}},"23":{"start":{"line":37,"column":20},"end":{"line":37,"column":42}},"24":{"start":{"line":38,"column":20},"end":{"line":38,"column":39}},"25":{"start":{"line":39,"column":20},"end":{"line":39,"column":37}},"26":{"start":{"line":40,"column":20},"end":{"line":51,"column":22}},"27":{"start":{"line":41,"column":24},"end":{"line":41,"column":40}},"28":{"start":{"line":42,"column":24},"end":{"line":42,"column":40}},"29":{"start":{"line":43,"column":24},"end":{"line":43,"column":45}},"30":{"start":{"line":44,"column":24},"end":{"line":44,"column":42}},"31":{"start":{"line":45,"column":24},"end":{"line":45,"column":40}},"32":{"start":{"line":47,"column":24},"end":{"line":47,"column":50}},"33":{"start":{"line":48,"column":24},"end":{"line":48,"column":55}},"34":{"start":{"line":49,"column":24},"end":{"line":49,"column":51}},"35":{"start":{"line":50,"column":24},"end":{"line":50,"column":50}},"36":{"start":{"line":52,"column":20},"end":{"line":52,"column":51}},"37":{"start":{"line":53,"column":20},"end":{"line":53,"column":47}},"38":{"start":{"line":54,"column":20},"end":{"line":54,"column":46}},"39":{"start":{"line":56,"column":16},"end":{"line":56,"column":43}},"40":{"start":{"line":57,"column":16},"end":{"line":57,"column":42}},"41":{"start":{"line":59,"column":12},"end":{"line":59,"column":43}},"42":{"start":{"line":62,"column":4},"end":{"line":62,"column":15}}},"branchMap":{},"code":["// The result of dump.js is a big JSON tree","// which can be easily serialized (for instance","// to be sent from a webworker to the main app","// or through Node's IPC), but we want","// a (circular) DOM-like interface for walking","// through the data. ","","module.exports = function circularize(page){","    page.paragraphs = []","    page.lines = []","    page.words = []","    page.symbols = []","","    page.blocks.forEach(function(block){","        block.page = page;","","        block.lines = []","        block.words = []","        block.symbols = []","","        block.paragraphs.forEach(function(para){","            para.block = block;","            para.page = page;","","            para.words = []","            para.symbols = []","            ","            para.lines.forEach(function(line){","                line.paragraph = para;","                line.block = block;","                line.page = page;","","                line.symbols = []","","                line.words.forEach(function(word){","                    word.line = line;","                    word.paragraph = para;","                    word.block = block;","                    word.page = page;","                    word.symbols.forEach(function(sym){","                        sym.word = word;","                        sym.line = line;","                        sym.paragraph = para;","                        sym.block = block;","                        sym.page = page;","                        ","                        sym.line.symbols.push(sym)","                        sym.paragraph.symbols.push(sym)","                        sym.block.symbols.push(sym)","                        sym.page.symbols.push(sym)","                    })","                    word.paragraph.words.push(word)","                    word.block.words.push(word)","                    word.page.words.push(word)","                })","                line.block.lines.push(line)","                line.page.lines.push(line)","            })","            para.page.paragraphs.push(para)","        })","    })","    return page","}"],"l":{"8":1,"9":0,"10":0,"11":0,"12":0,"14":0,"15":0,"17":0,"18":0,"19":0,"21":0,"22":0,"23":0,"25":0,"26":0,"28":0,"29":0,"30":0,"31":0,"33":0,"35":0,"36":0,"37":0,"38":0,"39":0,"40":0,"41":0,"42":0,"43":0,"44":0,"45":0,"47":0,"48":0,"49":0,"50":0,"52":0,"53":0,"54":0,"56":0,"57":0,"59":0,"62":0}},"/home/travis/build/npmtest/node-npmtest-tesseract.js/node_modules/tesseract.js/src/common/job.js":{"path":"/home/travis/build/npmtest/node-npmtest-tesseract.js/node_modules/tesseract.js/src/common/job.js","s":{"1":1,"2":1,"3":1,"4":0,"5":0,"6":0,"7":0,"8":0,"9":0,"10":0,"11":0,"12":0,"13":0,"14":0,"15":0,"16":0,"17":0,"18":0,"19":0,"20":0,"21":0,"22":0,"23":0,"24":0,"25":0,"26":0,"27":0,"28":0,"29":0,"30":0,"31":0,"32":0,"33":0,"34":0,"35":0,"36":0,"37":0,"38":0,"39":0,"40":0,"41":0,"42":0,"43":0,"44":0,"45":0,"46":0,"47":0,"48":0,"49":0,"50":0,"51":0},"b":{"1":[0,0],"2":[0,0],"3":[0,0],"4":[0,0],"5":[0,0],"6":[0,0],"7":[0,0],"8":[0,0],"9":[0,0],"10":[0,0],"11":[0,0]},"f":{"1":0,"2":0,"3":0,"4":0,"5":0,"6":0,"7":0},"fnMap":{"1":{"name":"(anonymous_1)","line":6,"loc":{"start":{"line":6,"column":15},"end":{"line":6,"column":25}}},"2":{"name":"(anonymous_2)","line":16,"loc":{"start":{"line":16,"column":8},"end":{"line":16,"column":25}}},"3":{"name":"(anonymous_3)","line":26,"loc":{"start":{"line":26,"column":9},"end":{"line":26,"column":17}}},"4":{"name":"(anonymous_4)","line":34,"loc":{"start":{"line":34,"column":12},"end":{"line":34,"column":16}}},"5":{"name":"(anonymous_5)","line":38,"loc":{"start":{"line":38,"column":11},"end":{"line":38,"column":16}}},"6":{"name":"(anonymous_6)","line":42,"loc":{"start":{"line":42,"column":9},"end":{"line":42,"column":26}}},"7":{"name":"(anonymous_7)","line":50,"loc":{"start":{"line":50,"column":11},"end":{"line":50,"column":19}}}},"statementMap":{"1":{"start":{"line":1,"column":0},"end":{"line":1,"column":43}},"2":{"start":{"line":3,"column":0},"end":{"line":3,"column":19}},"3":{"start":{"line":5,"column":0},"end":{"line":81,"column":1}},"4":{"start":{"line":7,"column":8},"end":{"line":7,"column":88}},"5":{"start":{"line":9,"column":8},"end":{"line":9,"column":34}},"6":{"start":{"line":10,"column":8},"end":{"line":10,"column":26}},"7":{"start":{"line":11,"column":8},"end":{"line":11,"column":25}},"8":{"start":{"line":12,"column":8},"end":{"line":12,"column":27}},"9":{"start":{"line":13,"column":8},"end":{"line":13,"column":26}},"10":{"start":{"line":17,"column":8},"end":{"line":21,"column":9}},"11":{"start":{"line":18,"column":12},"end":{"line":18,"column":39}},"12":{"start":{"line":20,"column":12},"end":{"line":20,"column":34}},"13":{"start":{"line":23,"column":8},"end":{"line":23,"column":38}},"14":{"start":{"line":23,"column":19},"end":{"line":23,"column":38}},"15":{"start":{"line":24,"column":8},"end":{"line":24,"column":20}},"16":{"start":{"line":27,"column":8},"end":{"line":31,"column":9}},"17":{"start":{"line":28,"column":12},"end":{"line":28,"column":37}},"18":{"start":{"line":30,"column":12},"end":{"line":30,"column":32}},"19":{"start":{"line":32,"column":8},"end":{"line":32,"column":20}},"20":{"start":{"line":35,"column":8},"end":{"line":35,"column":31}},"21":{"start":{"line"
[...]
:0,"151":0,"154":0,"162":0,"163":0,"165":0}},"/home/travis/build/npmtest/node-npmtest-tesseract.js/node_modules/tesseract.js/src/common/dump.js":{"path":"/home/travis/build/npmtest/node-npmtest-tesseract.js/node_modules/tesseract.js/src/common/dump.js","s":{"1":1,"2":0,"3":0,"4":0,"5":1,"6":0,"7":0,"8":0,"9":0,"10":0,"11":0,"12":0,"13":0,"14":0,"15":0,"16":0,"17":0,"18":0,"19":0,"20":0,"21":0,"22":0,"23":0,"24":0,"25":0,"26":0,"27":0,"28":0,"29":0,"30":0,"31":0,"32":0,"33":0,"34":0,"35":0,"36":0,"37":0,"38":0,"39":0,"40":0,"41":0,"42":0,"43":0,"44":0,"45":0,"46":1,"47":0,"48":0,"49":0,"50":0,"51":0,"52":0},"b":{"1":[0,0],"2":[0,0],"3":[0,0],"4":[0,0],"5":[0,0],"6":[0,0],"7":[0,0],"8":[0,0]},"f":{"1":0,"2":0,"3":0,"4":0,"5":0,"6":0},"fnMap":{"1":{"name":"DumpLiterallyEverything","line":1,"loc":{"start":{"line":1,"column":17},"end":{"line":1,"column":63}}},"2":{"name":"enumToString","line":6,"loc":{"start":{"line":6,"column":4},"end":{"line":6,"column":40}}},"3":{"name":"(anonymous_3)","line":8,"loc":{"start":{"line":8,"column":19},"end":{"line":8,"column":30}}},"4":{"name":"(anonymous_4)","line":9,"loc":{"start":{"line":9,"column":19},"end":{"line":9,"column":30}}},"5":{"name":"(anonymous_5)","line":10,"loc":{"start":{"line":10,"column":16},"end":{"line":10,"column":27}}},"6":{"name":"deindent","line":154,"loc":{"start":{"line":154,"column":0},"end":{"line":154,"column":23}}}},"statementMap":{"1":{"start":{"line":1,"column":0},"end":{"line":149,"column":1}},"2":{"start":{"line":2,"column":4},"end":{"line":2,"column":32}},"3":{"start":{"line":3,"column":4},"end":{"line":3,"column":20}},"4":{"start":{"line":4,"column":4},"end":{"line":4,"column":44}},"5":{"start":{"line":6,"column":4},"end":{"line":11,"column":5}},"6":{"start":{"line":7,"column":7},"end":{"line":10,"column":69}},"7":{"start":{"line":8,"column":32},"end":{"line":8,"column":86}},"8":{"start":{"line":9,"column":32},"end":{"line":9,"column":59}},"9":{"start":{"line":10,"column":29},"end":{"line":10,"column":63}},"10":{"start":{"line":13,"column":4},"end":{"line":13,"column":14}},"11":{"start":{"line":14,"column":4},"end":{"line":134,"column":41}},"12":{"start":{"line":15,"column":8},"end":{"line":42,"column":9}},"13":{"start":{"line":16,"column":12},"end":{"line":16,"column":41}},"14":{"start":{"line":17,"column":12},"end":{"line":17,"column":31}},"15":{"start":{"line":19,"column":12},"end":{"line":28,"column":13}},"16":{"start":{"line":20,"column":16},"end":{"line":23,"column":33}},"17":{"start":{"line":24,"column":16},"end":{"line":26,"column":17}},"18":{"start":{"line":25,"column":20},"end":{"line":25,"column":67}},"19":{"start":{"line":27,"column":16},"end":{"line":27,"column":60}},"20":{"start":{"line":30,"column":12},"end":{"line":40,"column":13}},"21":{"start":{"line":41,"column":12},"end":{"line":41,"column":30}},"22":{"start":{"line":43,"column":8},"end":{"line":55,"column":9}},"23":{"start":{"line":44,"column":12},"end":{"line":53,"column":13}},"24":{"start":{"line":54,"column":12},"end":{"line":54,"column":39}},"25":{"start":{"line":56,"column":8},"end":{"line":66,"column":9}},"26":{"start":{"line":57,"column":12},"end":{"line":64,"column":13}},"27":{"start":{"line":65,"column":12},"end":{"line":65,"column":37}},"28":{"start":{"line":67,"column":8},"end":{"line":103,"column":9}},"29":{"start":{"line":68,"column":12},"end":{"line":69,"column":45}},"30":{"start":{"line":70,"column":12},"end":{"line":93,"column":13}},"31":{"start":{"line":94,"column":12},"end":{"line":94,"column":55}},"32":{"start":{"line":95,"column":12},"end":{"line":100,"column":32}},"33":{"start":{"line":96,"column":16},"end":{"line":99,"column":18}},"34":{"start":{"line":101,"column":12},"end":{"line":101,"column":30}},"35":{"start":{"line":102,"column":12},"end":{"line":102,"column":37}},"36":{"start":{"line":105,"column":8},"end":{"line":105,"column":25}},"37":{"start":{"line":110,"column":8},"end":{"line":133,"column":9}},"38":{"start":{"line":111,"column":12},"end":{"line":123,"column":13}},"39":{"start":{"line":124,"column":12},"end":{"line":124,"column":37}},"40":{"start":{"line":125,"column":12},"end":{"line":125,"column":51}},"41":{"start":{"line":126,"column":12},"end":{"line":131,"column":32}},"42":{"start":{"line":127,"column":16},"end":{"line":130,"column":18}},"43":{"start":{"line":132,"column":12},"end":{"line":132,"column":30}},"44":{"start":{"line":135,"column":4},"end":{"line":135,"column":22}},"45":{"start":{"line":137,"column":4},"end":{"line":148,"column":5}},"46":{"start":{"line":154,"column":0},"end":{"line":164,"column":1}},"47":{"start":{"line":155,"column":4},"end":{"line":155,"column":32}},"48":{"start":{"line":156,"column":4},"end":{"line":162,"column":5}},"49":{"start":{"line":157,"column":8},"end":{"line":161,"column":9}},"50":{"start":{"line":158,"column":12},"end":{"line":160,"column":13}},"51":{"start":{"line":159,"column":16},"end":{"line":159,"column":44}},"52":{"start":{"line":163,"column":4},"end":{"line":163,"column":27}}},"branchMap":{"1":{"line":15,"type":"if","locations":[{"start":{"line":15,"column":8},"end":{"line":15,"column":8}},{"start":{"line":15,"column":8},"end":{"line":15,"column":8}}]},"2":{"line":19,"type":"if","locations":[{"start":{"line":19,"column":12},"end":{"line":19,"column":12}},{"start":{"line":19,"column":12},"end":{"line":19,"column":12}}]},"3":{"line":43,"type":"if","locations":[{"start":{"line":43,"column":8},"end":{"line":43,"column":8}},{"start":{"line":43,"column":8},"end":{"line":43,"column":8}}]},"4":{"line":56,"type":"if","locations":[{"start":{"line":56,"column":8},"end":{"line":56,"column":8}},{"start":{"line":56,"column":8},"end":{"line":56,"column":8}}]},"5":{"line":67,"type":"if","locations":[{"start":{"line":67,"column":8},"end":{"line":67,"column":8}},{"start":{"line":67,"column":8},"end":{"line":67,"column":8}}]},"6":{"line":110,"type":"if","locations":[{"start":{"line":110,"column":8},"end":{"line":110,"column":8}},{"start":{"line":110,"column":8},"end":{"line":110,"column":8}}]},"7":{"line":156,"type":"if","locations":[{"start":{"line":156,"column":4},"end":{"line":156,"column":4}},{"start":{"line":156,"column":4},"end":{"line":156,"column":4}}]},"8":{"line":158,"type":"if","locations":[{"start":{"line":158,"column":12},"end":{"line":158,"column":12}},{"start":{"line":158,"column":12},"end":{"line":158,"column":12}}]}},"code":["module.exports = function DumpLiterallyEverything(Module, base){","    var ri = base.GetIterator();","    var blocks = [];","    var block, para, textline, word, symbol;","","    function enumToString(value, prefix){","       return (Object.keys(Module)","           .filter(function(e){ return e.substr(0, prefix.length + 1) == prefix + '_' })","           .filter(function(e){ return Module[e] === value })","           .map(function(e){ return e.slice(prefix.length + 1) })[0])","    }","","    ri.Begin()","    do {","        if(ri.IsAtBeginningOf(Module.RIL_BLOCK)){","            var poly = ri.BlockPolygon();","            var polygon = null;","            // BlockPolygon() returns null when automatic page segmentation is off","            if(Module.getPointer(poly) > 0){","                var n = poly.get_n(),","                    px = poly.get_x(),","                    py = poly.get_y(),","                    polygon = [];","                for(var i = 0; i < n; i++){","                    polygon.push([px.getValue(i), py.getValue(i)]);","                }","                Module._ptaDestroy(Module.getPointer(poly));    ","            }","            ","            block = {","                paragraphs: [],","","                text: ri.GetUTF8Text(Module.RIL_BLOCK),","                confidence: ri.Confidence(Module.RIL_BLOCK),","                baseline: ri.getBaseline(Module.RIL_BLOCK),","                bbox: ri.getBoundingBox(Module.RIL_BLOCK),","","                blocktype: enumToString(ri.BlockType(), 'PT'),","                polygon: polygon","            }","            blocks.push(block)","        }","        if(ri.IsAtBeginningOf(Module.RIL_PARA)){","            para = {","                lines: [],","","                text: ri.GetUTF8Text(Module.RIL_PARA),","                confidence: ri.Confidence(Module.RIL_PARA),","                baseline: ri.getBaseline(Module.RIL_PARA),","                bbox: ri.getBoundingBox(Module.RIL_PARA),","","                is_ltr: !!ri.ParagraphIsLtr()","            }","            block.paragraphs.push(para)","        }","        if(ri.IsAtBeginningOf(Module.RIL_TEXTLINE)){","            textline = {","                words: [],","","                text: ri.GetUTF8Text(Module.RIL_TEXTLINE),","                confidence: ri.Confidence(Module.RIL_TEXTLINE),","                baseline: ri.getBaseline(Module.RIL_TEXTLINE),","                bbox: ri.getBoundingBox(Module.RIL_TEXTLINE)","            }","            para.lines.push(textline)","        }","        if(ri.IsAtBeginningOf(Module.RIL_WORD)){","            var fontInfo = ri.getWordFontAttributes(),","                wordDir = ri.WordDirection();","            word = {","                symbols: [],","                choices: [],","","                text: ri.GetUTF8Text(Module.RIL_WORD),","                confidence: ri.Confidence(Module.RIL_WORD),","                baseline: ri.getBaseline(Module.RIL_WORD),","                bbox: ri.getBoundingBox(Module.RIL_WORD),","","                is_numeric: !!ri.WordIsNumeric(),","                in_dictionary: !!ri.WordIsFromDictionary(),","                direction: enumToString(wordDir, 'DIR'),","                language: ri.WordRecognitionLanguage(),","","                is_bold: fontInfo.is_bold,","                is_italic: fontInfo.is_italic,","                is_underlined: fontInfo.is_underlined,","                is_monospace: fontInfo.is_monospace,","                is_serif: fontInfo.is_serif,","                is_smallcaps: fontInfo.is_smallcaps,","                font_size: fontInfo.pointsize,","                font_id: fontInfo.font_id,","                font_name: fontInfo.font_name,","            }","            var wc = new Module.WordChoiceIterator(ri);","            do {","                word.choices.push({","                    text: wc.GetUTF8Text(),","                    confidence: wc.Confidence()","                })","            } while (wc.Next());","            Module.destroy(wc)","            textline.words.push(word)","        }","        ","        var image = null;","        // var pix = ri.GetBinaryImage(Module.RIL_SYMBOL)","        // var image = pix2array(pix);","        // // for some reason it seems that things stop working if you destroy pics","        // Module._pixDestroy(Module.getPointer(pix));","        if(ri.IsAtBeginningOf(Module.RIL_SYMBOL)){","            symbol = {","                choices: [],","                image: image,","","                text: ri.GetUTF8Text(Module.RIL_SYMBOL),","                confidence: ri.Confidence(Module.RIL_SYMBOL),","                baseline: ri.getBaseline(Module.RIL_SYMBOL),","                bbox: ri.getBoundingBox(Module.RIL_SYMBOL),","","                is_superscript: !!ri.SymbolIsSuperscript(),","                is_subscript: !!ri.SymbolIsSubscript(),","                is_dropcap: !!ri.SymbolIsDropcap(),","            }","            word.symbols.push(symbol)","            var ci = new Module.ChoiceIterator(ri);","            do {","                symbol.choices.push({","                    text: ci.GetUTF8Text(),","                    confidence: ci.Confidence()","                })","            } while (ci.Next());","            Module.destroy(ci)","        }","    } while (ri.Next(Module.RIL_SYMBOL));","    Module.destroy(ri)","","    return {","        text: base.GetUTF8Text(),","        html: deindent(base.GetHOCRText()),","","        confidence: base.MeanTextConf(),","","        blocks: blocks,","","        psm: enumToString(base.GetPageSegMode(), 'PSM'),","        oem: enumToString(base.oem(), 'OEM'),","        version: base.Version(),","    }","}","","// the generated HOCR is excessively indented, so","// we get rid of that indentation","","function deindent(html){","    var lines = html.split('\\n')","    if(lines[0].substring(0, 2) === \"  \"){","        for (var i = 0; i < lines.length; i++) {","            if (lines[i].substring(0,2) === \"  \") {","                lines[i] = lines[i].slice(2)","            }","        };","    }","    return lines.join('\\n')","}",""],"l":{"1":1,"2":0,"3":0,"4":0,"6":1,"7":0,"8":0,"9":0,"10":0,"13":0,"14":0,"15":0,"16":0,"17":0,"19":0,"20":0,"24":0,"25":0,"27":0,"30":0,"41":0,"43":0,"44":0,"54":0,"56":0,"57":0,"65":0,"67":0,"68":0,"70":0,"94":0,"95":0,"96":0,"101":0,"102":0,"105":0,"110":0,"111":0,"124":0,"125":0,"126":0,"127":0,"132":0,"135":0,"137":0,"154":1,"155":0,"156":0,"157":0,"158":0,"159":0,"163":0}},"/home/travis/build/npmtest/node-npmtest-tesseract.js/node_modules/tesseract.js/src/common/desaturate.js":{"path":"/home/travis/build/npmtest/node-npmtest-tesseract.js/node_modules/tesseract.js/src/common/desaturate.js","s":{"1":1,"2":0,"3":0,"4":0,"5":0,"6":0,"7":0,"8":0,"9":0,"10":0,"11":0,"12":0,"13":0,"14":0,"15":0,"16":0,"17":0},"b":{"1":[0,0]},"f":{"1":0},"fnMap":{"1":{"name":"desaturate","line":3,"loc":{"start":{"line":3,"column":17},"end":{"line":3,"column":43}}}},"statementMap":{"1":{"start":{"line":3,"column":0},"end":{"line":24,"column":1}},"2":{"start":{"line":4,"column":4},"end":{"line":4,"column":22}},"3":{"start":{"line":5,"column":4},"end":{"line":22,"column":40}},"4":{"start":{"line":6,"column":8},"end":{"line":6,"column":35}},"5":{"start":{"line":7,"column":12},"end":{"line":8,"column":37}},"6":{"start":{"line":9,"column":8},"end":{"line":9,"column":55}},"7":{"start":{"line":10,"column":8},"end":{"line":10,"column":76}},"8":{"start":{"line":12,"column":8},"end":{"line":18,"column":9}},"9":{"start":{"line":14,"column":12},"end":{"line":14,"column":125}},"10":{"start":{"line":15,"column":12},"end":{"line":15,"column":127}},"11":{"start":{"line":16,"column":12},"end":{"line":16,"column":130}},"12":{"start":{"line":17,"column":12},"end":{"line":17,"column":132}},"13":{"start":{"line":19,"column":8},"end":{"line":20,"column":125}},"14":{"start":{"line":20,"column":12},"end":{"line":20,"column":125}},"15":{"start":{"line":21,"column":8},"end":{"line":21,"column":20}},"16":{"start":{"line":22,"column":13},"end":{"line":22,"column":39}},"17":{"start":{"line":23,"column":4},"end":{"line":23,"column":16}}},"branchMap":{"1":{"line":5,"type":"if","locations":[{"start":{"line":5,"column":4},"end":{"line":5,"column":4}},{"start":{"line":5,"column":4},"end":{"line":5,"column":4}}]}},"code":["// This converts an image to grayscale","","module.exports = function desaturate(image){","    var width, height;","    if(image.data){","        var src       = image.data;","            width     = image.width, ","            height    = image.height;","        var dst       = new Uint8Array(width * height);","        var srcLength = src.length | 0, srcLength_16 = (srcLength - 16) | 0;","        ","        for (var i = 0, j = 0; i <= srcLength_16; i += 16, j += 4) {","            // convert to grayscale 4 pixels at a time; eveything with alpha gets put in front of 50% gray","            dst[j]     = (((src[i] * 77 + src[i+1] * 151 + src[i+2] * 28) * src[i+3]) + ((255-src[i+3]) << 15) + 32768) >> 16","            dst[j+1]   = (((src[i+4] * 77 + src[i+5] * 151 + src[i+6] * 28) * src[i+7]) + ((255-src[i+7]) << 15) + 32768) >> 16","            dst[j+2]   = (((src[i+8] * 77 + src[i+9] * 151 + src[i+10] * 28) * src[i+11]) + ((255-src[i+11]) << 15) + 32768) >> 16","            dst[j+3]   = (((src[i+12] * 77 + src[i+13] * 151 + src[i+14] * 28) * src[i+15]) + ((255-src[i+15]) << 15) + 32768) >> 16","        }","        for (; i < srcLength; i += 4, ++j) //finish up","            dst[j]     = (((src[i] * 77 + src[i+1] * 151 + src[i+2] * 28) * src[i+3]) + ((255-src[i+3]) << 15) + 32768) >> 16","        image = dst;","    } else { throw 'Invalid ImageData' }","    return image","}"],"l":{"3":1,"4":0,"5":0,"6":0,"7":0,"9":0,"10":0,"12":0,"14":0,"15":0,"16":0,"17":0,"19":0,"20":0,"21":0,"22":0,"23":0}},"/home/travis/build/npmtest/node-npmtest-tesseract.js/node_modules/tesseract.js/src/node/lang.js":{"path":"/home/travis/build/npmtest/node-npmtest-tesseract.js/node_modules/tesseract.js/src/node/lang.js","s":{"1":1,"2":1,"3":1,"4":0,"5":0,"6":0,"7":0,"8":0,"9":0,"10":0,"11":0,"12":0,"13":0,"14":0,"15":0,"16":0,"17":0,"18":0,"19":1},"b":{"1":[0,0]},"f":{"1":0,"2":0,"3":0,"4":0,"5":0},"fnMap":{"1":{"name":"getLanguageData","line":8,"loc":{"start":{"line":8,"column":0},"end":{"line":8,"column":38}}},"2":{"name":"(anonymous_2)","line":13,"loc":{"start":{"line":13,"column":39},"end":{"line":13,"column":60}}},"3":{"name":"(anonymous_3)","line":16,"loc":{"start":{"line":16,"column":22},"end":{"line":16,"column":38}}},"4":{"name":"(anonymous_4)","line":18,"loc":{"start":{"line":18,"column":30},"end":{"line":18,"column":46}}},"5":{"name":"(anonymous_5)","line":30,"loc":{"start":{"line":30,"column":29},"end":{"line":30,"column":39}}}},"statementMap":{"1":{"start":{"line":1,"column":0},"end":{"line":4,"column":29}},"2":{"start":{"line":6,"column":0},"end":{"line":6,"column":49}},"3":{"start":{"line":8,"column":0},"end":{"line":33,"column":1}},"4":{"start":{"line":9,"column":4},"end":{"line":9,"column":32}},"5":{"start":{"line":10,"column":4},"end":{"line":10,"column":44}},"6":{"start":{"line":11,"column":4},"end":{"line":11,"column":52}},"7":{"start":{"line":13,"column":4},"end":{"line":32,"column":7}},"8":{"start":{"line":14,"column":8},"end":{"line":14,"column":49}},"9":{"start":{"line":14,"column":17},"end":{"line":14,"column":49}},"10":{"start":{"line":16,"column":8},"end":{"line":31,"column":10}},"11":{"start":{"line":17,"column":12},"end":{"line":17,"column":35}},"12":{"start":{"line":18,"column":12},"end":{"line":26,"column":15}},"13":{"start":{"line":19,"column":16},"end":{"line":19,"column":47}},"14":{"start":{"line":20,"column":16},"end":{"line":24,"column":19}},"15":{"start":{"line":28,"column":12},"end":{"line":28,"column":45}},"16":{"start":{"line":29,"column":12},"end":{"line":29,"column":81}},"17":{"start":{"line":30,"column":12},"end":{"line":30,"column":76}},"18":{"start":{"line":30,"column":41},"end":{"line":30,"column":74}},"19":{"start":{"line":36,"column":0},"end":{"line":36,"column":33}}},"branchMap":{"1":{"line":14,"type":"if","locations":[{"start":{"line":14,"column":8},"end":{"line":14,"column":8}},{"start":{"line":14,"column":8},"end":{"line":14,"column":8}}]}},"code":["const http = require(\"http\"),","      zlib = require(\"zlib\"),","      fs   = require(\"fs\"),","      path = require(\"path\");","","var langdata = require('../common/langdata.json')","","function getLanguageData(req, res, cb){","    var lang = req.options.lang;","    var langfile = lang + '.traineddata.gz';","    var url = req.workerOptions.langPath + langfile;","    ","    fs.readFile(lang + '.traineddata', function (err, data) {","        if(!err) return cb(new Uint8Array(data));","","        http.get(url, function(stream){","            var received_bytes = 0;","            stream.on('data', function(chunk) {","                received_bytes += chunk.length;","                res.progress({ ","                    status: 'downloading ' + langfile, ","                    loaded: received_bytes,","                    progress: Math.min(1, received_bytes / langdata[lang]) ","                });","","            });","","            var gunzip = zlib.createGunzip();","            stream.pipe(gunzip).pipe(fs.createWriteStream(lang + '.traineddata'))","            gunzip.on('end', function(){ getLanguageData(req, stream, cb) })","        })","    });","}","","","module.exports = getLanguageData;"],"l":{"1":1,"6":1,"8":1,"9":0,"10":0,"11":0,"13":0,"14":0,"16":0,"17":0,"18":0,"19":0,"20":0,"28":0,"29":0,"30":0,"36":1}}}